<?xml version="1.0" encoding="UTF-8"?>
<coverage generated="1764900455003" clover="3.2.0">
  <project timestamp="1764900455004" name="All files">
    <metrics statements="177" coveredstatements="153" conditionals="141" coveredconditionals="120" methods="46" coveredmethods="33" elements="364" coveredelements="306" complexity="0" loc="177" ncloc="177" packages="4" files="6" classes="6"/>
    <package name="components.Login">
      <metrics statements="28" coveredstatements="27" conditionals="16" coveredconditionals="14" methods="5" coveredmethods="5"/>
      <file name="Login.jsx" path="D:\GitHub\UngDungDangNhap_QuanLySanPham\frontend\src\components\Login\Login.jsx">
        <metrics statements="28" coveredstatements="27" conditionals="16" coveredconditionals="14" methods="5" coveredmethods="5"/>
        <line num="8" count="24" type="stmt"/>
        <line num="9" count="24" type="stmt"/>
        <line num="10" count="24" type="stmt"/>
        <line num="11" count="24" type="stmt"/>
        <line num="12" count="24" type="stmt"/>
        <line num="14" count="24" type="stmt"/>
        <line num="15" count="8" type="stmt"/>
        <line num="16" count="8" type="stmt"/>
        <line num="17" count="8" type="stmt"/>
        <line num="20" count="24" type="stmt"/>
        <line num="21" count="5" type="stmt"/>
        <line num="22" count="5" type="cond" truecount="1" falsecount="1"/>
        <line num="23" count="5" type="stmt"/>
        <line num="25" count="5" type="stmt"/>
        <line num="26" count="5" type="cond" truecount="2" falsecount="0"/>
        <line num="27" count="1" type="stmt"/>
        <line num="28" count="1" type="stmt"/>
        <line num="31" count="4" type="stmt"/>
        <line num="32" count="4" type="stmt"/>
        <line num="34" count="4" type="stmt"/>
        <line num="36" count="2" type="cond" truecount="1" falsecount="1"/>
        <line num="37" count="2" type="stmt"/>
        <line num="38" count="2" type="cond" truecount="2" falsecount="0"/>
        <line num="39" count="2" type="stmt"/>
        <line num="41" count="0" type="stmt"/>
        <line num="45" count="2" type="stmt"/>
        <line num="47" count="4" type="stmt"/>
        <line num="51" count="24" type="stmt"/>
      </file>
    </package>
    <package name="components.Products">
      <metrics statements="88" coveredstatements="81" conditionals="62" coveredconditionals="46" methods="31" coveredmethods="26"/>
      <file name="ProductModal.jsx" path="D:\GitHub\UngDungDangNhap_QuanLySanPham\frontend\src\components\Products\ProductModal.jsx">
        <metrics statements="17" coveredstatements="17" conditionals="32" coveredconditionals="26" methods="6" coveredmethods="6"/>
        <line num="7" count="25" type="stmt"/>
        <line num="14" count="25" type="stmt"/>
        <line num="16" count="25" type="stmt"/>
        <line num="17" count="6" type="cond" truecount="2" falsecount="0"/>
        <line num="18" count="3" type="stmt"/>
        <line num="28" count="25" type="stmt"/>
        <line num="29" count="13" type="stmt"/>
        <line num="30" count="13" type="stmt"/>
        <line num="36" count="25" type="stmt"/>
        <line num="37" count="5" type="stmt"/>
        <line num="38" count="5" type="stmt"/>
        <line num="39" count="5" type="stmt"/>
        <line num="40" count="5" type="cond" truecount="2" falsecount="0"/>
        <line num="41" count="4" type="stmt"/>
        <line num="42" count="4" type="stmt"/>
        <line num="46" count="25" type="stmt"/>
        <line num="75" count="100" type="stmt"/>
      </file>
      <file name="Products.jsx" path="D:\GitHub\UngDungDangNhap_QuanLySanPham\frontend\src\components\Products\Products.jsx">
        <metrics statements="71" coveredstatements="64" conditionals="30" coveredconditionals="20" methods="25" coveredmethods="20"/>
        <line num="8" count="32" type="stmt"/>
        <line num="9" count="32" type="stmt"/>
        <line num="15" count="32" type="stmt"/>
        <line num="16" count="32" type="stmt"/>
        <line num="17" count="32" type="stmt"/>
        <line num="18" count="32" type="stmt"/>
        <line num="19" count="32" type="stmt"/>
        <line num="20" count="32" type="stmt"/>
        <line num="21" count="32" type="stmt"/>
        <line num="22" count="32" type="stmt"/>
        <line num="24" count="32" type="stmt"/>
        <line num="26" count="9" type="stmt"/>
        <line num="27" count="9" type="stmt"/>
        <line num="28" count="9" type="stmt"/>
        <line num="29" count="9" type="stmt"/>
        <line num="31" count="0" type="stmt"/>
        <line num="32" count="0" type="stmt"/>
        <line num="37" count="9" type="stmt"/>
        <line num="40" count="32" type="cond" truecount="1" falsecount="1"/>
        <line num="42" count="42" type="stmt"/>
        <line num="44" count="42" type="cond" truecount="1" falsecount="1"/>
        <line num="46" count="32" type="stmt"/>
        <line num="47" count="32" type="stmt"/>
        <line num="48" count="32" type="stmt"/>
        <line num="49" count="32" type="stmt"/>
        <line num="51" count="32" type="stmt"/>
        <line num="52" count="3" type="stmt"/>
        <line num="53" count="3" type="stmt"/>
        <line num="56" count="32" type="stmt"/>
        <line num="57" count="3" type="stmt"/>
        <line num="58" count="3" type="stmt"/>
        <line num="59" count="3" type="stmt"/>
        <line num="62" count="32" type="stmt"/>
        <line num="63" count="1" type="cond" truecount="1" falsecount="1"/>
        <line num="64" count="1" type="stmt"/>
        <line num="65" count="1" type="stmt"/>
        <line num="67" count="1" type="stmt"/>
        <line num="68" count="1" type="cond" truecount="1" falsecount="1"/>
        <line num="69" count="1" type="cond" truecount="1" falsecount="1"/>
        <line num="71" count="1" type="stmt"/>
        <line num="72" count="1" type="stmt"/>
        <line num="73" count="1" type="stmt"/>
        <line num="77" count="32" type="stmt"/>
        <line num="78" count="4" type="stmt"/>
        <line num="82" count="4" type="cond" truecount="1" falsecount="1"/>
        <line num="83" count="0" type="stmt"/>
        <line num="84" count="0" type="stmt"/>
        <line num="87" count="4" type="cond" truecount="2" falsecount="0"/>
        <line num="88" count="2" type="stmt"/>
        <line num="89" count="2" type="stmt"/>
        <line num="90" count="2" type="cond" truecount="1" falsecount="1"/>
        <line num="92" count="2" type="stmt"/>
        <line num="94" count="2" type="stmt"/>
        <line num="95" count="2" type="stmt"/>
        <line num="96" count="2" type="stmt"/>
        <line num="97" count="2" type="stmt"/>
        <line num="100" count="4" type="stmt"/>
        <line num="101" count="4" type="stmt"/>
        <line num="104" count="32" type="stmt"/>
        <line num="105" count="1" type="cond" truecount="1" falsecount="1"/>
        <line num="108" count="32" type="stmt"/>
        <line num="109" count="1" type="cond" truecount="1" falsecount="1"/>
        <line num="112" count="32" type="stmt"/>
        <line num="123" count="0" type="stmt"/>
        <line num="129" count="0" type="stmt"/>
        <line num="133" count="128" type="stmt"/>
        <line num="145" count="28" type="stmt"/>
        <line num="159" count="3" type="stmt"/>
        <line num="167" count="1" type="stmt"/>
        <line num="195" count="0" type="stmt"/>
        <line num="202" count="3" type="stmt"/>
      </file>
    </package>
    <package name="services">
      <metrics statements="21" coveredstatements="5" conditionals="2" coveredconditionals="0" methods="8" coveredmethods="0"/>
      <file name="api.js" path="D:\GitHub\UngDungDangNhap_QuanLySanPham\frontend\src\services\api.js">
        <metrics statements="21" coveredstatements="5" conditionals="2" coveredconditionals="0" methods="8" coveredmethods="0"/>
        <line num="3" count="2" type="stmt"/>
        <line num="6" count="2" type="stmt"/>
        <line num="11" count="2" type="stmt"/>
        <line num="13" count="0" type="stmt"/>
        <line num="14" count="0" type="cond" truecount="0" falsecount="2"/>
        <line num="15" count="0" type="stmt"/>
        <line num="17" count="0" type="stmt"/>
        <line num="20" count="0" type="stmt"/>
        <line num="25" count="2" type="stmt"/>
        <line num="27" count="0" type="stmt"/>
        <line num="28" count="0" type="stmt"/>
        <line num="33" count="2" type="stmt"/>
        <line num="35" count="0" type="stmt"/>
        <line num="36" count="0" type="stmt"/>
        <line num="40" count="0" type="stmt"/>
        <line num="41" count="0" type="stmt"/>
        <line num="45" count="0" type="stmt"/>
        <line num="46" count="0" type="stmt"/>
        <line num="50" count="0" type="stmt"/>
        <line num="51" count="0" type="stmt"/>
        <line num="55" count="0" type="stmt"/>
      </file>
    </package>
    <package name="utils">
      <metrics statements="40" coveredstatements="40" conditionals="61" coveredconditionals="60" methods="2" coveredmethods="2"/>
      <file name="validateLogin.js" path="D:\GitHub\UngDungDangNhap_QuanLySanPham\frontend\src\utils\validateLogin.js">
        <metrics statements="15" coveredstatements="15" conditionals="20" coveredconditionals="20" methods="1" coveredmethods="1"/>
        <line num="2" count="3" type="stmt"/>
        <line num="3" count="13" type="stmt"/>
        <line num="6" count="13" type="cond" truecount="4" falsecount="0"/>
        <line num="7" count="2" type="stmt"/>
        <line num="9" count="11" type="cond" truecount="2" falsecount="0"/>
        <line num="10" count="1" type="stmt"/>
        <line num="11" count="10" type="cond" truecount="4" falsecount="0"/>
        <line num="12" count="1" type="stmt"/>
        <line num="16" count="13" type="cond" truecount="4" falsecount="0"/>
        <line num="17" count="2" type="stmt"/>
        <line num="19" count="11" type="cond" truecount="4" falsecount="0"/>
        <line num="20" count="1" type="stmt"/>
        <line num="22" count="10" type="cond" truecount="2" falsecount="0"/>
        <line num="23" count="1" type="stmt"/>
        <line num="26" count="13" type="stmt"/>
      </file>
      <file name="validateProduct.js" path="D:\GitHub\UngDungDangNhap_QuanLySanPham\frontend\src\utils\validateProduct.js">
        <metrics statements="25" coveredstatements="25" conditionals="41" coveredconditionals="40" methods="1" coveredmethods="1"/>
        <line num="2" count="3" type="cond" truecount="0" falsecount="1"/>
        <line num="3" count="30" type="stmt"/>
        <line num="6" count="30" type="cond" truecount="4" falsecount="0"/>
        <line num="7" count="2" type="stmt"/>
        <line num="9" count="28" type="cond" truecount="4" falsecount="0"/>
        <line num="10" count="2" type="stmt"/>
        <line num="14" count="30" type="cond" truecount="4" falsecount="0"/>
        <line num="15" count="2" type="stmt"/>
        <line num="17" count="28" type="cond" truecount="2" falsecount="0"/>
        <line num="18" count="1" type="stmt"/>
        <line num="20" count="27" type="cond" truecount="4" falsecount="0"/>
        <line num="21" count="2" type="stmt"/>
        <line num="25" count="30" type="cond" truecount="4" falsecount="0"/>
        <line num="26" count="2" type="stmt"/>
        <line num="28" count="28" type="cond" truecount="2" falsecount="0"/>
        <line num="29" count="1" type="stmt"/>
        <line num="31" count="27" type="cond" truecount="4" falsecount="0"/>
        <line num="32" count="2" type="stmt"/>
        <line num="36" count="30" type="cond" truecount="4" falsecount="0"/>
        <line num="37" count="1" type="stmt"/>
        <line num="41" count="30" type="cond" truecount="4" falsecount="0"/>
        <line num="42" count="2" type="stmt"/>
        <line num="44" count="28" type="cond" truecount="4" falsecount="0"/>
        <line num="45" count="1" type="stmt"/>
        <line num="48" count="30" type="stmt"/>
      </file>
    </package>
  </project>
</coverage>
