{"D:\\Project\\My3rdYearSoftwareTestingRepo\\frontend\\src\\components\\Login\\Login.jsx": {"path":"D:\\Project\\My3rdYearSoftwareTestingRepo\\frontend\\src\\components\\Login\\Login.jsx","statementMap":{"0":{"start":{"line":8,"column":19},"end":{"line":8,"column":32}},"1":{"start":{"line":9,"column":40},"end":{"line":9,"column":80}},"2":{"start":{"line":10,"column":28},"end":{"line":10,"column":40}},"3":{"start":{"line":11,"column":40},"end":{"line":11,"column":52}},"4":{"start":{"line":12,"column":42},"end":{"line":12,"column":57}},"5":{"start":{"line":14,"column":23},"end":{"line":18,"column":3}},"6":{"start":{"line":15,"column":28},"end":{"line":15,"column":36}},"7":{"start":{"line":16,"column":4},"end":{"line":16,"column":57}},"8":{"start":{"line":16,"column":28},"end":{"line":16,"column":54}},"9":{"start":{"line":17,"column":4},"end":{"line":17,"column":61}},"10":{"start":{"line":17,"column":28},"end":{"line":17,"column":58}},"11":{"start":{"line":20,"column":23},"end":{"line":49,"column":3}},"12":{"start":{"line":21,"column":4},"end":{"line":21,"column":23}},"13":{"start":{"line":22,"column":4},"end":{"line":22,"column":29}},"14":{"start":{"line":22,"column":22},"end":{"line":22,"column":29}},"15":{"start":{"line":23,"column":4},"end":{"line":23,"column":17}},"16":{"start":{"line":25,"column":32},"end":{"line":25,"column":93}},"17":{"start":{"line":26,"column":4},"end":{"line":29,"column":5}},"18":{"start":{"line":27,"column":6},"end":{"line":27,"column":29}},"19":{"start":{"line":28,"column":6},"end":{"line":28,"column":13}},"20":{"start":{"line":31,"column":4},"end":{"line":31,"column":26}},"21":{"start":{"line":32,"column":4},"end":{"line":48,"column":5}},"22":{"start":{"line":34,"column":23},"end":{"line":34,"column":59}},"23":{"start":{"line":36,"column":6},"end":{"line":42,"column":7}},"24":{"start":{"line":37,"column":8},"end":{"line":37,"column":54}},"25":{"start":{"line":38,"column":8},"end":{"line":38,"column":53}},"26":{"start":{"line":38,"column":43},"end":{"line":38,"column":53}},"27":{"start":{"line":39,"column":8},"end":{"line":39,"column":30}},"28":{"start":{"line":41,"column":8},"end":{"line":41,"column":61}},"29":{"start":{"line":45,"column":6},"end":{"line":45,"column":59}},"30":{"start":{"line":47,"column":6},"end":{"line":47,"column":29}},"31":{"start":{"line":51,"column":2},"end":{"line":93,"column":4}}},"fnMap":{"0":{"name":"Login","decl":{"start":{"line":7,"column":9},"end":{"line":7,"column":14}},"loc":{"start":{"line":7,"column":28},"end":{"line":94,"column":1}},"line":7},"1":{"name":"(anonymous_1)","decl":{"start":{"line":14,"column":23},"end":{"line":14,"column":24}},"loc":{"start":{"line":14,"column":30},"end":{"line":18,"column":3}},"line":14},"2":{"name":"(anonymous_2)","decl":{"start":{"line":16,"column":19},"end":{"line":16,"column":20}},"loc":{"start":{"line":16,"column":28},"end":{"line":16,"column":54}},"line":16},"3":{"name":"(anonymous_3)","decl":{"start":{"line":17,"column":19},"end":{"line":17,"column":20}},"loc":{"start":{"line":17,"column":28},"end":{"line":17,"column":58}},"line":17},"4":{"name":"(anonymous_4)","decl":{"start":{"line":20,"column":23},"end":{"line":20,"column":24}},"loc":{"start":{"line":20,"column":36},"end":{"line":49,"column":3}},"line":20}},"branchMap":{"0":{"loc":{"start":{"line":22,"column":4},"end":{"line":22,"column":29}},"type":"if","locations":[{"start":{"line":22,"column":4},"end":{"line":22,"column":29}},{"start":{},"end":{}}],"line":22},"1":{"loc":{"start":{"line":26,"column":4},"end":{"line":29,"column":5}},"type":"if","locations":[{"start":{"line":26,"column":4},"end":{"line":29,"column":5}},{"start":{},"end":{}}],"line":26},"2":{"loc":{"start":{"line":36,"column":6},"end":{"line":42,"column":7}},"type":"if","locations":[{"start":{"line":36,"column":6},"end":{"line":42,"column":7}},{"start":{"line":40,"column":13},"end":{"line":42,"column":7}}],"line":36},"3":{"loc":{"start":{"line":38,"column":8},"end":{"line":38,"column":53}},"type":"if","locations":[{"start":{"line":38,"column":8},"end":{"line":38,"column":53}},{"start":{},"end":{}}],"line":38},"4":{"loc":{"start":{"line":57,"column":11},"end":{"line":57,"column":64}},"type":"binary-expr","locations":[{"start":{"line":57,"column":11},"end":{"line":57,"column":16}},{"start":{"line":57,"column":20},"end":{"line":57,"column":64}}],"line":57},"5":{"loc":{"start":{"line":70,"column":13},"end":{"line":70,"column":94}},"type":"binary-expr","locations":[{"start":{"line":70,"column":13},"end":{"line":70,"column":33}},{"start":{"line":70,"column":37},"end":{"line":70,"column":94}}],"line":70},"6":{"loc":{"start":{"line":84,"column":13},"end":{"line":84,"column":94}},"type":"binary-expr","locations":[{"start":{"line":84,"column":13},"end":{"line":84,"column":33}},{"start":{"line":84,"column":37},"end":{"line":84,"column":94}}],"line":84},"7":{"loc":{"start":{"line":88,"column":13},"end":{"line":88,"column":64}},"type":"cond-expr","locations":[{"start":{"line":88,"column":28},"end":{"line":88,"column":47}},{"start":{"line":88,"column":50},"end":{"line":88,"column":64}}],"line":88}},"s":{"0":24,"1":24,"2":24,"3":24,"4":24,"5":24,"6":8,"7":8,"8":8,"9":8,"10":8,"11":24,"12":5,"13":5,"14":0,"15":5,"16":5,"17":5,"18":1,"19":1,"20":4,"21":4,"22":4,"23":2,"24":2,"25":2,"26":1,"27":2,"28":0,"29":2,"30":4,"31":24},"f":{"0":24,"1":8,"2":8,"3":8,"4":5},"b":{"0":[0,5],"1":[1,4],"2":[2,0],"3":[1,1],"4":[24,2],"5":[24,1],"6":[24,1],"7":[4,20]},"_coverageSchema":"1a1c01bbd47fc00a2c39e90264f33305004495a9","hash":"0be436b10c6d0de2dfe9f2e3cc9a54c90997bd11"}
,"D:\\Project\\My3rdYearSoftwareTestingRepo\\frontend\\src\\components\\Products\\ProductModal.jsx": {"path":"D:\\Project\\My3rdYearSoftwareTestingRepo\\frontend\\src\\components\\Products\\ProductModal.jsx","statementMap":{"0":{"start":{"line":6,"column":26},"end":{"line":12,"column":4}},"1":{"start":{"line":13,"column":30},"end":{"line":13,"column":42}},"2":{"start":{"line":15,"column":2},"end":{"line":25,"column":16}},"3":{"start":{"line":16,"column":4},"end":{"line":24,"column":5}},"4":{"start":{"line":17,"column":6},"end":{"line":23,"column":9}},"5":{"start":{"line":27,"column":23},"end":{"line":30,"column":3}},"6":{"start":{"line":28,"column":28},"end":{"line":28,"column":36}},"7":{"start":{"line":29,"column":4},"end":{"line":29,"column":52}},"8":{"start":{"line":29,"column":23},"end":{"line":29,"column":49}},"9":{"start":{"line":32,"column":23},"end":{"line":38,"column":3}},"10":{"start":{"line":33,"column":4},"end":{"line":33,"column":23}},"11":{"start":{"line":34,"column":50},"end":{"line":34,"column":87}},"12":{"start":{"line":35,"column":4},"end":{"line":35,"column":32}},"13":{"start":{"line":36,"column":4},"end":{"line":36,"column":25}},"14":{"start":{"line":36,"column":18},"end":{"line":36,"column":25}},"15":{"start":{"line":37,"column":4},"end":{"line":37,"column":36}},"16":{"start":{"line":40,"column":2},"end":{"line":40,"column":28}},"17":{"start":{"line":40,"column":16},"end":{"line":40,"column":28}},"18":{"start":{"line":42,"column":2},"end":{"line":119,"column":4}},"19":{"start":{"line":69,"column":14},"end":{"line":71,"column":23}}},"fnMap":{"0":{"name":"ProductModal","decl":{"start":{"line":5,"column":24},"end":{"line":5,"column":36}},"loc":{"start":{"line":5,"column":79},"end":{"line":120,"column":1}},"line":5},"1":{"name":"(anonymous_1)","decl":{"start":{"line":15,"column":12},"end":{"line":15,"column":13}},"loc":{"start":{"line":15,"column":18},"end":{"line":25,"column":3}},"line":15},"2":{"name":"(anonymous_2)","decl":{"start":{"line":27,"column":23},"end":{"line":27,"column":24}},"loc":{"start":{"line":27,"column":30},"end":{"line":30,"column":3}},"line":27},"3":{"name":"(anonymous_3)","decl":{"start":{"line":29,"column":12},"end":{"line":29,"column":13}},"loc":{"start":{"line":29,"column":23},"end":{"line":29,"column":49}},"line":29},"4":{"name":"(anonymous_4)","decl":{"start":{"line":32,"column":23},"end":{"line":32,"column":24}},"loc":{"start":{"line":32,"column":30},"end":{"line":38,"column":3}},"line":32},"5":{"name":"(anonymous_5)","decl":{"start":{"line":68,"column":28},"end":{"line":68,"column":29}},"loc":{"start":{"line":69,"column":14},"end":{"line":71,"column":23}},"line":69}},"branchMap":{"0":{"loc":{"start":{"line":16,"column":4},"end":{"line":24,"column":5}},"type":"if","locations":[{"start":{"line":16,"column":4},"end":{"line":24,"column":5}},{"start":{},"end":{}}],"line":16},"1":{"loc":{"start":{"line":18,"column":14},"end":{"line":18,"column":32}},"type":"binary-expr","locations":[{"start":{"line":18,"column":14},"end":{"line":18,"column":26}},{"start":{"line":18,"column":30},"end":{"line":18,"column":32}}],"line":18},"2":{"loc":{"start":{"line":19,"column":21},"end":{"line":19,"column":46}},"type":"binary-expr","locations":[{"start":{"line":19,"column":21},"end":{"line":19,"column":40}},{"start":{"line":19,"column":44},"end":{"line":19,"column":46}}],"line":19},"3":{"loc":{"start":{"line":20,"column":15},"end":{"line":20,"column":34}},"type":"binary-expr","locations":[{"start":{"line":20,"column":15},"end":{"line":20,"column":28}},{"start":{"line":20,"column":32},"end":{"line":20,"column":34}}],"line":20},"4":{"loc":{"start":{"line":21,"column":18},"end":{"line":21,"column":40}},"type":"binary-expr","locations":[{"start":{"line":21,"column":18},"end":{"line":21,"column":34}},{"start":{"line":21,"column":38},"end":{"line":21,"column":40}}],"line":21},"5":{"loc":{"start":{"line":22,"column":18},"end":{"line":22,"column":40}},"type":"binary-expr","locations":[{"start":{"line":22,"column":18},"end":{"line":22,"column":34}},{"start":{"line":22,"column":38},"end":{"line":22,"column":40}}],"line":22},"6":{"loc":{"start":{"line":36,"column":4},"end":{"line":36,"column":25}},"type":"if","locations":[{"start":{"line":36,"column":4},"end":{"line":36,"column":25}},{"start":{},"end":{}}],"line":36},"7":{"loc":{"start":{"line":40,"column":2},"end":{"line":40,"column":28}},"type":"if","locations":[{"start":{"line":40,"column":2},"end":{"line":40,"column":28}},{"start":{},"end":{}}],"line":40},"8":{"loc":{"start":{"line":58,"column":11},"end":{"line":58,"column":101}},"type":"binary-expr","locations":[{"start":{"line":58,"column":11},"end":{"line":58,"column":22}},{"start":{"line":58,"column":26},"end":{"line":58,"column":101}}],"line":58},"9":{"loc":{"start":{"line":74,"column":11},"end":{"line":74,"column":113}},"type":"binary-expr","locations":[{"start":{"line":74,"column":11},"end":{"line":74,"column":26}},{"start":{"line":74,"column":30},"end":{"line":74,"column":113}}],"line":74},"10":{"loc":{"start":{"line":85,"column":11},"end":{"line":85,"column":104}},"type":"binary-expr","locations":[{"start":{"line":85,"column":11},"end":{"line":85,"column":23}},{"start":{"line":85,"column":27},"end":{"line":85,"column":104}}],"line":85},"11":{"loc":{"start":{"line":96,"column":11},"end":{"line":96,"column":113}},"type":"binary-expr","locations":[{"start":{"line":96,"column":11},"end":{"line":96,"column":26}},{"start":{"line":96,"column":30},"end":{"line":96,"column":113}}],"line":96},"12":{"loc":{"start":{"line":106,"column":11},"end":{"line":106,"column":122}},"type":"binary-expr","locations":[{"start":{"line":106,"column":11},"end":{"line":106,"column":29}},{"start":{"line":106,"column":33},"end":{"line":106,"column":122}}],"line":106}},"s":{"0":0,"1":0,"2":0,"3":0,"4":0,"5":0,"6":0,"7":0,"8":0,"9":0,"10":0,"11":0,"12":0,"13":0,"14":0,"15":0,"16":0,"17":0,"18":0,"19":0},"f":{"0":0,"1":0,"2":0,"3":0,"4":0,"5":0},"b":{"0":[0,0],"1":[0,0],"2":[0,0],"3":[0,0],"4":[0,0],"5":[0,0],"6":[0,0],"7":[0,0],"8":[0,0],"9":[0,0],"10":[0,0],"11":[0,0],"12":[0,0]},"_coverageSchema":"1a1c01bbd47fc00a2c39e90264f33305004495a9","hash":"be9711a496396f64daa33271333436be11b31394"}
,"D:\\Project\\My3rdYearSoftwareTestingRepo\\frontend\\src\\components\\Products\\Products.jsx": {"path":"D:\\Project\\My3rdYearSoftwareTestingRepo\\frontend\\src\\components\\Products\\Products.jsx","statementMap":{"0":{"start":{"line":7,"column":34},"end":{"line":24,"column":4}},"1":{"start":{"line":26,"column":23},"end":{"line":31,"column":4}},"2":{"start":{"line":33,"column":48},"end":{"line":33,"column":62}},"3":{"start":{"line":34,"column":26},"end":{"line":40,"column":4}},"4":{"start":{"line":41,"column":30},"end":{"line":41,"column":42}},"5":{"start":{"line":42,"column":38},"end":{"line":42,"column":50}},"6":{"start":{"line":43,"column":46},"end":{"line":43,"column":58}},"7":{"start":{"line":44,"column":40},"end":{"line":44,"column":51}},"8":{"start":{"line":45,"column":23},"end":{"line":45,"column":24}},"9":{"start":{"line":46,"column":32},"end":{"line":46,"column":44}},"10":{"start":{"line":48,"column":27},"end":{"line":52,"column":75}},"11":{"start":{"line":50,"column":6},"end":{"line":50,"column":68}},"12":{"start":{"line":52,"column":20},"end":{"line":52,"column":73}},"13":{"start":{"line":54,"column":22},"end":{"line":54,"column":48}},"14":{"start":{"line":55,"column":23},"end":{"line":55,"column":49}},"15":{"start":{"line":56,"column":26},"end":{"line":56,"column":75}},"16":{"start":{"line":57,"column":21},"end":{"line":57,"column":70}},"17":{"start":{"line":59,"column":23},"end":{"line":89,"column":3}},"18":{"start":{"line":60,"column":4},"end":{"line":60,"column":23}},"19":{"start":{"line":61,"column":50},"end":{"line":64,"column":5}},"20":{"start":{"line":65,"column":4},"end":{"line":65,"column":32}},"21":{"start":{"line":66,"column":4},"end":{"line":66,"column":25}},"22":{"start":{"line":66,"column":18},"end":{"line":66,"column":25}},"23":{"start":{"line":68,"column":4},"end":{"line":78,"column":5}},"24":{"start":{"line":69,"column":6},"end":{"line":73,"column":8}},"25":{"start":{"line":70,"column":8},"end":{"line":72,"column":9}},"26":{"start":{"line":71,"column":10},"end":{"line":71,"column":65}},"27":{"start":{"line":74,"column":6},"end":{"line":74,"column":51}},"28":{"start":{"line":76,"column":6},"end":{"line":76,"column":68}},"29":{"start":{"line":76,"column":28},"end":{"line":76,"column":66}},"30":{"start":{"line":77,"column":6},"end":{"line":77,"column":47}},"31":{"start":{"line":80,"column":4},"end":{"line":86,"column":7}},"32":{"start":{"line":87,"column":4},"end":{"line":87,"column":29}},"33":{"start":{"line":88,"column":4},"end":{"line":88,"column":31}},"34":{"start":{"line":91,"column":21},"end":{"line":100,"column":3}},"35":{"start":{"line":92,"column":4},"end":{"line":92,"column":32}},"36":{"start":{"line":93,"column":4},"end":{"line":99,"column":7}},"37":{"start":{"line":102,"column":23},"end":{"line":115,"column":3}},"38":{"start":{"line":103,"column":4},"end":{"line":114,"column":5}},"39":{"start":{"line":104,"column":26},"end":{"line":104,"column":61}},"40":{"start":{"line":104,"column":49},"end":{"line":104,"column":60}},"41":{"start":{"line":105,"column":6},"end":{"line":105,"column":31}},"42":{"start":{"line":107,"column":28},"end":{"line":107,"column":72}},"43":{"start":{"line":108,"column":6},"end":{"line":110,"column":7}},"44":{"start":{"line":109,"column":8},"end":{"line":109,"column":62}},"45":{"start":{"line":112,"column":6},"end":{"line":112,"column":46}},"46":{"start":{"line":113,"column":6},"end":{"line":113,"column":45}},"47":{"start":{"line":113,"column":23},"end":{"line":113,"column":37}},"48":{"start":{"line":117,"column":26},"end":{"line":134,"column":3}},"49":{"start":{"line":118,"column":50},"end":{"line":121,"column":5}},"50":{"start":{"line":122,"column":4},"end":{"line":125,"column":5}},"51":{"start":{"line":123,"column":6},"end":{"line":123,"column":34}},"52":{"start":{"line":124,"column":6},"end":{"line":124,"column":13}},"53":{"start":{"line":127,"column":4},"end":{"line":129,"column":6}},"54":{"start":{"line":128,"column":6},"end":{"line":128,"column":72}},"55":{"start":{"line":128,"column":23},"end":{"line":128,"column":70}},"56":{"start":{"line":131,"column":4},"end":{"line":131,"column":49}},"57":{"start":{"line":132,"column":4},"end":{"line":132,"column":29}},"58":{"start":{"line":133,"column":4},"end":{"line":133,"column":43}},"59":{"start":{"line":133,"column":21},"end":{"line":133,"column":35}},"60":{"start":{"line":136,"column":21},"end":{"line":138,"column":3}},"61":{"start":{"line":137,"column":4},"end":{"line":137,"column":57}},"62":{"start":{"line":137,"column":25},"end":{"line":137,"column":57}},"63":{"start":{"line":140,"column":21},"end":{"line":142,"column":3}},"64":{"start":{"line":141,"column":4},"end":{"line":141,"column":66}},"65":{"start":{"line":141,"column":34},"end":{"line":141,"column":66}},"66":{"start":{"line":144,"column":2},"end":{"line":325,"column":4}},"67":{"start":{"line":156,"column":31},"end":{"line":156,"column":73}},"68":{"start":{"line":169,"column":31},"end":{"line":169,"column":77}},"69":{"start":{"line":173,"column":16},"end":{"line":175,"column":25}},"70":{"start":{"line":192,"column":31},"end":{"line":192,"column":74}},"71":{"start":{"line":206,"column":31},"end":{"line":206,"column":77}},"72":{"start":{"line":224,"column":14},"end":{"line":224,"column":63}},"73":{"start":{"line":249,"column":27},"end":{"line":249,"column":56}},"74":{"start":{"line":255,"column":27},"end":{"line":255,"column":60}},"75":{"start":{"line":259,"column":12},"end":{"line":261,"column":21}},"76":{"start":{"line":271,"column":12},"end":{"line":297,"column":18}},"77":{"start":{"line":284,"column":35},"end":{"line":284,"column":48}},"78":{"start":{"line":291,"column":35},"end":{"line":291,"column":53}},"79":{"start":{"line":319,"column":25},"end":{"line":319,"column":49}}},"fnMap":{"0":{"name":"Products","decl":{"start":{"line":6,"column":24},"end":{"line":6,"column":32}},"loc":{"start":{"line":6,"column":35},"end":{"line":326,"column":1}},"line":6},"1":{"name":"(anonymous_1)","decl":{"start":{"line":49,"column":12},"end":{"line":49,"column":13}},"loc":{"start":{"line":50,"column":6},"end":{"line":50,"column":68}},"line":50},"2":{"name":"(anonymous_2)","decl":{"start":{"line":52,"column":12},"end":{"line":52,"column":13}},"loc":{"start":{"line":52,"column":20},"end":{"line":52,"column":73}},"line":52},"3":{"name":"(anonymous_3)","decl":{"start":{"line":59,"column":23},"end":{"line":59,"column":24}},"loc":{"start":{"line":59,"column":30},"end":{"line":89,"column":3}},"line":59},"4":{"name":"(anonymous_4)","decl":{"start":{"line":69,"column":18},"end":{"line":69,"column":19}},"loc":{"start":{"line":70,"column":8},"end":{"line":72,"column":9}},"line":70},"5":{"name":"(anonymous_5)","decl":{"start":{"line":70,"column":17},"end":{"line":70,"column":18}},"loc":{"start":{"line":71,"column":10},"end":{"line":71,"column":65}},"line":71},"6":{"name":"(anonymous_6)","decl":{"start":{"line":76,"column":18},"end":{"line":76,"column":19}},"loc":{"start":{"line":76,"column":28},"end":{"line":76,"column":66}},"line":76},"7":{"name":"(anonymous_7)","decl":{"start":{"line":91,"column":21},"end":{"line":91,"column":22}},"loc":{"start":{"line":91,"column":34},"end":{"line":100,"column":3}},"line":91},"8":{"name":"(anonymous_8)","decl":{"start":{"line":102,"column":23},"end":{"line":102,"column":24}},"loc":{"start":{"line":102,"column":31},"end":{"line":115,"column":3}},"line":102},"9":{"name":"(anonymous_9)","decl":{"start":{"line":104,"column":42},"end":{"line":104,"column":43}},"loc":{"start":{"line":104,"column":49},"end":{"line":104,"column":60}},"line":104},"10":{"name":"(anonymous_10)","decl":{"start":{"line":113,"column":17},"end":{"line":113,"column":18}},"loc":{"start":{"line":113,"column":23},"end":{"line":113,"column":37}},"line":113},"11":{"name":"(anonymous_11)","decl":{"start":{"line":117,"column":26},"end":{"line":117,"column":27}},"loc":{"start":{"line":117,"column":46},"end":{"line":134,"column":3}},"line":117},"12":{"name":"(anonymous_12)","decl":{"start":{"line":127,"column":16},"end":{"line":127,"column":17}},"loc":{"start":{"line":128,"column":6},"end":{"line":128,"column":72}},"line":128},"13":{"name":"(anonymous_13)","decl":{"start":{"line":128,"column":15},"end":{"line":128,"column":16}},"loc":{"start":{"line":128,"column":23},"end":{"line":128,"column":70}},"line":128},"14":{"name":"(anonymous_14)","decl":{"start":{"line":133,"column":15},"end":{"line":133,"column":16}},"loc":{"start":{"line":133,"column":21},"end":{"line":133,"column":35}},"line":133},"15":{"name":"(anonymous_15)","decl":{"start":{"line":136,"column":21},"end":{"line":136,"column":22}},"loc":{"start":{"line":136,"column":27},"end":{"line":138,"column":3}},"line":136},"16":{"name":"(anonymous_16)","decl":{"start":{"line":140,"column":21},"end":{"line":140,"column":22}},"loc":{"start":{"line":140,"column":27},"end":{"line":142,"column":3}},"line":140},"17":{"name":"(anonymous_17)","decl":{"start":{"line":156,"column":24},"end":{"line":156,"column":25}},"loc":{"start":{"line":156,"column":31},"end":{"line":156,"column":73}},"line":156},"18":{"name":"(anonymous_18)","decl":{"start":{"line":169,"column":24},"end":{"line":169,"column":25}},"loc":{"start":{"line":169,"column":31},"end":{"line":169,"column":77}},"line":169},"19":{"name":"(anonymous_19)","decl":{"start":{"line":172,"column":30},"end":{"line":172,"column":31}},"loc":{"start":{"line":173,"column":16},"end":{"line":175,"column":25}},"line":173},"20":{"name":"(anonymous_20)","decl":{"start":{"line":192,"column":24},"end":{"line":192,"column":25}},"loc":{"start":{"line":192,"column":31},"end":{"line":192,"column":74}},"line":192},"21":{"name":"(anonymous_21)","decl":{"start":{"line":206,"column":24},"end":{"line":206,"column":25}},"loc":{"start":{"line":206,"column":31},"end":{"line":206,"column":77}},"line":206},"22":{"name":"(anonymous_22)","decl":{"start":{"line":223,"column":22},"end":{"line":223,"column":23}},"loc":{"start":{"line":224,"column":14},"end":{"line":224,"column":63}},"line":224},"23":{"name":"(anonymous_23)","decl":{"start":{"line":249,"column":20},"end":{"line":249,"column":21}},"loc":{"start":{"line":249,"column":27},"end":{"line":249,"column":56}},"line":249},"24":{"name":"(anonymous_24)","decl":{"start":{"line":255,"column":20},"end":{"line":255,"column":21}},"loc":{"start":{"line":255,"column":27},"end":{"line":255,"column":60}},"line":255},"25":{"name":"(anonymous_25)","decl":{"start":{"line":258,"column":26},"end":{"line":258,"column":27}},"loc":{"start":{"line":259,"column":12},"end":{"line":261,"column":21}},"line":259},"26":{"name":"(anonymous_26)","decl":{"start":{"line":270,"column":30},"end":{"line":270,"column":31}},"loc":{"start":{"line":271,"column":12},"end":{"line":297,"column":18}},"line":271},"27":{"name":"(anonymous_27)","decl":{"start":{"line":284,"column":29},"end":{"line":284,"column":30}},"loc":{"start":{"line":284,"column":35},"end":{"line":284,"column":48}},"line":284},"28":{"name":"(anonymous_28)","decl":{"start":{"line":291,"column":29},"end":{"line":291,"column":30}},"loc":{"start":{"line":291,"column":35},"end":{"line":291,"column":53}},"line":291},"29":{"name":"(anonymous_29)","decl":{"start":{"line":319,"column":19},"end":{"line":319,"column":20}},"loc":{"start":{"line":319,"column":25},"end":{"line":319,"column":49}},"line":319}},"branchMap":{"0":{"loc":{"start":{"line":52,"column":20},"end":{"line":52,"column":73}},"type":"cond-expr","locations":[{"start":{"line":52,"column":37},"end":{"line":52,"column":66}},{"start":{"line":52,"column":69},"end":{"line":52,"column":73}}],"line":52},"1":{"loc":{"start":{"line":66,"column":4},"end":{"line":66,"column":25}},"type":"if","locations":[{"start":{"line":66,"column":4},"end":{"line":66,"column":25}},{"start":{},"end":{}}],"line":66},"2":{"loc":{"start":{"line":68,"column":4},"end":{"line":78,"column":5}},"type":"if","locations":[{"start":{"line":68,"column":4},"end":{"line":78,"column":5}},{"start":{"line":75,"column":11},"end":{"line":78,"column":5}}],"line":68},"3":{"loc":{"start":{"line":71,"column":10},"end":{"line":71,"column":65}},"type":"cond-expr","locations":[{"start":{"line":71,"column":40},"end":{"line":71,"column":61}},{"start":{"line":71,"column":64},"end":{"line":71,"column":65}}],"line":71},"4":{"loc":{"start":{"line":103,"column":4},"end":{"line":114,"column":5}},"type":"if","locations":[{"start":{"line":103,"column":4},"end":{"line":114,"column":5}},{"start":{},"end":{}}],"line":103},"5":{"loc":{"start":{"line":108,"column":6},"end":{"line":110,"column":7}},"type":"if","locations":[{"start":{"line":108,"column":6},"end":{"line":110,"column":7}},{"start":{},"end":{}}],"line":108},"6":{"loc":{"start":{"line":109,"column":23},"end":{"line":109,"column":60}},"type":"cond-expr","locations":[{"start":{"line":109,"column":43},"end":{"line":109,"column":56}},{"start":{"line":109,"column":59},"end":{"line":109,"column":60}}],"line":109},"7":{"loc":{"start":{"line":122,"column":4},"end":{"line":125,"column":5}},"type":"if","locations":[{"start":{"line":122,"column":4},"end":{"line":125,"column":5}},{"start":{},"end":{}}],"line":122},"8":{"loc":{"start":{"line":128,"column":23},"end":{"line":128,"column":70}},"type":"cond-expr","locations":[{"start":{"line":128,"column":52},"end":{"line":128,"column":66}},{"start":{"line":128,"column":69},"end":{"line":128,"column":70}}],"line":128},"9":{"loc":{"start":{"line":137,"column":4},"end":{"line":137,"column":57}},"type":"if","locations":[{"start":{"line":137,"column":4},"end":{"line":137,"column":57}},{"start":{},"end":{}}],"line":137},"10":{"loc":{"start":{"line":141,"column":4},"end":{"line":141,"column":66}},"type":"if","locations":[{"start":{"line":141,"column":4},"end":{"line":141,"column":66}},{"start":{},"end":{}}],"line":141},"11":{"loc":{"start":{"line":150,"column":40},"end":{"line":150,"column":70}},"type":"cond-expr","locations":[{"start":{"line":150,"column":54},"end":{"line":150,"column":65}},{"start":{"line":150,"column":68},"end":{"line":150,"column":70}}],"line":150},"12":{"loc":{"start":{"line":159,"column":13},"end":{"line":159,"column":76}},"type":"binary-expr","locations":[{"start":{"line":159,"column":13},"end":{"line":159,"column":24}},{"start":{"line":159,"column":28},"end":{"line":159,"column":76}}],"line":159},"13":{"loc":{"start":{"line":162,"column":40},"end":{"line":162,"column":74}},"type":"cond-expr","locations":[{"start":{"line":162,"column":58},"end":{"line":162,"column":69}},{"start":{"line":162,"column":72},"end":{"line":162,"column":74}}],"line":162},"14":{"loc":{"start":{"line":178,"column":13},"end":{"line":180,"column":13}},"type":"binary-expr","locations":[{"start":{"line":178,"column":13},"end":{"line":178,"column":28}},{"start":{"line":179,"column":14},"end":{"line":179,"column":66}}],"line":178},"15":{"loc":{"start":{"line":185,"column":40},"end":{"line":185,"column":71}},"type":"cond-expr","locations":[{"start":{"line":185,"column":55},"end":{"line":185,"column":66}},{"start":{"line":185,"column":69},"end":{"line":185,"column":71}}],"line":185},"16":{"loc":{"start":{"line":196,"column":13},"end":{"line":196,"column":78}},"type":"binary-expr","locations":[{"start":{"line":196,"column":13},"end":{"line":196,"column":25}},{"start":{"line":196,"column":29},"end":{"line":196,"column":78}}],"line":196},"17":{"loc":{"start":{"line":199,"column":40},"end":{"line":199,"column":74}},"type":"cond-expr","locations":[{"start":{"line":199,"column":58},"end":{"line":199,"column":69}},{"start":{"line":199,"column":72},"end":{"line":199,"column":74}}],"line":199},"18":{"loc":{"start":{"line":210,"column":13},"end":{"line":212,"column":13}},"type":"binary-expr","locations":[{"start":{"line":210,"column":13},"end":{"line":210,"column":28}},{"start":{"line":211,"column":14},"end":{"line":211,"column":66}}],"line":210},"19":{"loc":{"start":{"line":228,"column":11},"end":{"line":230,"column":11}},"type":"binary-expr","locations":[{"start":{"line":228,"column":11},"end":{"line":228,"column":29}},{"start":{"line":229,"column":12},"end":{"line":229,"column":67}}],"line":228},"20":{"loc":{"start":{"line":235,"column":13},"end":{"line":235,"column":59}},"type":"cond-expr","locations":[{"start":{"line":235,"column":31},"end":{"line":235,"column":41}},{"start":{"line":235,"column":44},"end":{"line":235,"column":59}}],"line":235},"21":{"loc":{"start":{"line":240,"column":7},"end":{"line":240,"column":66}},"type":"binary-expr","locations":[{"start":{"line":240,"column":7},"end":{"line":240,"column":14}},{"start":{"line":240,"column":18},"end":{"line":240,"column":66}}],"line":240},"22":{"loc":{"start":{"line":267,"column":9},"end":{"line":299,"column":9}},"type":"cond-expr","locations":[{"start":{"line":268,"column":10},"end":{"line":268,"column":43}},{"start":{"line":270,"column":10},"end":{"line":298,"column":12}}],"line":267},"23":{"loc":{"start":{"line":275,"column":19},"end":{"line":275,"column":52}},"type":"binary-expr","locations":[{"start":{"line":275,"column":19},"end":{"line":275,"column":32}},{"start":{"line":275,"column":36},"end":{"line":275,"column":52}}],"line":275},"24":{"loc":{"start":{"line":302,"column":7},"end":{"line":314,"column":7}},"type":"binary-expr","locations":[{"start":{"line":302,"column":7},"end":{"line":302,"column":45}},{"start":{"line":303,"column":8},"end":{"line":313,"column":14}}],"line":302},"25":{"loc":{"start":{"line":316,"column":7},"end":{"line":323,"column":7}},"type":"binary-expr","locations":[{"start":{"line":316,"column":7},"end":{"line":316,"column":22}},{"start":{"line":317,"column":8},"end":{"line":322,"column":10}}],"line":316}},"s":{"0":6,"1":6,"2":6,"3":6,"4":6,"5":6,"6":6,"7":6,"8":6,"9":6,"10":6,"11":12,"12":12,"13":6,"14":6,"15":6,"16":6,"17":6,"18":1,"19":1,"20":1,"21":1,"22":1,"23":0,"24":0,"25":0,"26":0,"27":0,"28":0,"29":0,"30":0,"31":0,"32":0,"33":0,"34":6,"35":0,"36":0,"37":6,"38":0,"39":0,"40":0,"41":0,"42":0,"43":0,"44":0,"45":0,"46":0,"47":0,"48":6,"49":0,"50":0,"51":0,"52":0,"53":0,"54":0,"55":0,"56":0,"57":0,"58":0,"59":0,"60":6,"61":0,"62":0,"63":6,"64":0,"65":0,"66":6,"67":1,"68":0,"69":24,"70":1,"71":1,"72":0,"73":0,"74":0,"75":24,"76":12,"77":0,"78":0,"79":0},"f":{"0":6,"1":12,"2":12,"3":1,"4":0,"5":0,"6":0,"7":0,"8":0,"9":0,"10":0,"11":0,"12":0,"13":0,"14":0,"15":0,"16":0,"17":1,"18":0,"19":24,"20":1,"21":1,"22":0,"23":0,"24":0,"25":24,"26":12,"27":0,"28":0,"29":0},"b":{"0":[0,12],"1":[1,0],"2":[0,0],"3":[0,0],"4":[0,0],"5":[0,0],"6":[0,0],"7":[0,0],"8":[0,0],"9":[0,0],"10":[0,0],"11":[1,5],"12":[6,1],"13":[1,5],"14":[6,1],"15":[1,5],"16":[6,1],"17":[1,5],"18":[6,1],"19":[6,0],"20":[0,6],"21":[6,0],"22":[0,6],"23":[12,0],"24":[6,0],"25":[6,0]},"_coverageSchema":"1a1c01bbd47fc00a2c39e90264f33305004495a9","hash":"8a4d689fd3fe73b71bb952b8c8992022a87714c5"}
,"D:\\Project\\My3rdYearSoftwareTestingRepo\\frontend\\src\\utils\\validation.js": {"path":"D:\\Project\\My3rdYearSoftwareTestingRepo\\frontend\\src\\utils\\validation.js","statementMap":{"0":{"start":{"line":2,"column":33},"end":{"line":25,"column":1}},"1":{"start":{"line":3,"column":19},"end":{"line":3,"column":21}},"2":{"start":{"line":6,"column":4},"end":{"line":11,"column":5}},"3":{"start":{"line":7,"column":8},"end":{"line":7,"column":58}},"4":{"start":{"line":9,"column":9},"end":{"line":11,"column":5}},"5":{"start":{"line":10,"column":8},"end":{"line":10,"column":75}},"6":{"start":{"line":14,"column":4},"end":{"line":19,"column":5}},"7":{"start":{"line":15,"column":8},"end":{"line":15,"column":53}},"8":{"start":{"line":17,"column":9},"end":{"line":19,"column":5}},"9":{"start":{"line":18,"column":8},"end":{"line":18,"column":63}},"10":{"start":{"line":21,"column":4},"end":{"line":24,"column":6}},"11":{"start":{"line":28,"column":35},"end":{"line":78,"column":1}},"12":{"start":{"line":29,"column":19},"end":{"line":29,"column":21}},"13":{"start":{"line":32,"column":4},"end":{"line":37,"column":5}},"14":{"start":{"line":33,"column":8},"end":{"line":33,"column":59}},"15":{"start":{"line":35,"column":9},"end":{"line":37,"column":5}},"16":{"start":{"line":36,"column":8},"end":{"line":36,"column":59}},"17":{"start":{"line":40,"column":4},"end":{"line":48,"column":5}},"18":{"start":{"line":41,"column":8},"end":{"line":41,"column":51}},"19":{"start":{"line":43,"column":9},"end":{"line":48,"column":5}},"20":{"start":{"line":44,"column":8},"end":{"line":44,"column":49}},"21":{"start":{"line":46,"column":9},"end":{"line":48,"column":5}},"22":{"start":{"line":47,"column":8},"end":{"line":47,"column":57}},"23":{"start":{"line":51,"column":4},"end":{"line":59,"column":5}},"24":{"start":{"line":52,"column":8},"end":{"line":52,"column":59}},"25":{"start":{"line":54,"column":9},"end":{"line":59,"column":5}},"26":{"start":{"line":55,"column":8},"end":{"line":55,"column":50}},"27":{"start":{"line":57,"column":9},"end":{"line":59,"column":5}},"28":{"start":{"line":58,"column":8},"end":{"line":58,"column":56}},"29":{"start":{"line":62,"column":4},"end":{"line":64,"column":5}},"30":{"start":{"line":63,"column":8},"end":{"line":63,"column":69}},"31":{"start":{"line":67,"column":4},"end":{"line":72,"column":5}},"32":{"start":{"line":68,"column":8},"end":{"line":68,"column":53}},"33":{"start":{"line":70,"column":9},"end":{"line":72,"column":5}},"34":{"start":{"line":71,"column":8},"end":{"line":71,"column":52}},"35":{"start":{"line":74,"column":4},"end":{"line":77,"column":6}}},"fnMap":{"0":{"name":"(anonymous_0)","decl":{"start":{"line":2,"column":33},"end":{"line":2,"column":34}},"loc":{"start":{"line":2,"column":57},"end":{"line":25,"column":1}},"line":2},"1":{"name":"(anonymous_1)","decl":{"start":{"line":28,"column":35},"end":{"line":28,"column":36}},"loc":{"start":{"line":28,"column":74},"end":{"line":78,"column":1}},"line":28}},"branchMap":{"0":{"loc":{"start":{"line":6,"column":4},"end":{"line":11,"column":5}},"type":"if","locations":[{"start":{"line":6,"column":4},"end":{"line":11,"column":5}},{"start":{"line":9,"column":9},"end":{"line":11,"column":5}}],"line":6},"1":{"loc":{"start":{"line":6,"column":8},"end":{"line":6,"column":43}},"type":"binary-expr","locations":[{"start":{"line":6,"column":8},"end":{"line":6,"column":17}},{"start":{"line":6,"column":21},"end":{"line":6,"column":43}}],"line":6},"2":{"loc":{"start":{"line":9,"column":9},"end":{"line":11,"column":5}},"type":"if","locations":[{"start":{"line":9,"column":9},"end":{"line":11,"column":5}},{"start":{},"end":{}}],"line":9},"3":{"loc":{"start":{"line":14,"column":4},"end":{"line":19,"column":5}},"type":"if","locations":[{"start":{"line":14,"column":4},"end":{"line":19,"column":5}},{"start":{"line":17,"column":9},"end":{"line":19,"column":5}}],"line":14},"4":{"loc":{"start":{"line":14,"column":8},"end":{"line":14,"column":43}},"type":"binary-expr","locations":[{"start":{"line":14,"column":8},"end":{"line":14,"column":17}},{"start":{"line":14,"column":21},"end":{"line":14,"column":43}}],"line":14},"5":{"loc":{"start":{"line":17,"column":9},"end":{"line":19,"column":5}},"type":"if","locations":[{"start":{"line":17,"column":9},"end":{"line":19,"column":5}},{"start":{},"end":{}}],"line":17},"6":{"loc":{"start":{"line":28,"column":45},"end":{"line":28,"column":69}},"type":"default-arg","locations":[{"start":{"line":28,"column":67},"end":{"line":28,"column":69}}],"line":28},"7":{"loc":{"start":{"line":32,"column":4},"end":{"line":37,"column":5}},"type":"if","locations":[{"start":{"line":32,"column":4},"end":{"line":37,"column":5}},{"start":{"line":35,"column":9},"end":{"line":37,"column":5}}],"line":32},"8":{"loc":{"start":{"line":32,"column":8},"end":{"line":32,"column":51}},"type":"binary-expr","locations":[{"start":{"line":32,"column":8},"end":{"line":32,"column":21}},{"start":{"line":32,"column":25},"end":{"line":32,"column":51}}],"line":32},"9":{"loc":{"start":{"line":35,"column":9},"end":{"line":37,"column":5}},"type":"if","locations":[{"start":{"line":35,"column":9},"end":{"line":37,"column":5}},{"start":{},"end":{}}],"line":35},"10":{"loc":{"start":{"line":35,"column":13},"end":{"line":35,"column":65}},"type":"binary-expr","locations":[{"start":{"line":35,"column":13},"end":{"line":35,"column":36}},{"start":{"line":35,"column":40},"end":{"line":35,"column":65}}],"line":35},"11":{"loc":{"start":{"line":40,"column":4},"end":{"line":48,"column":5}},"type":"if","locations":[{"start":{"line":40,"column":4},"end":{"line":48,"column":5}},{"start":{"line":43,"column":9},"end":{"line":48,"column":5}}],"line":40},"12":{"loc":{"start":{"line":40,"column":8},"end":{"line":40,"column":53}},"type":"binary-expr","locations":[{"start":{"line":40,"column":8},"end":{"line":40,"column":29}},{"start":{"line":40,"column":33},"end":{"line":40,"column":53}}],"line":40},"13":{"loc":{"start":{"line":43,"column":9},"end":{"line":48,"column":5}},"type":"if","locations":[{"start":{"line":43,"column":9},"end":{"line":48,"column":5}},{"start":{"line":46,"column":9},"end":{"line":48,"column":5}}],"line":43},"14":{"loc":{"start":{"line":46,"column":9},"end":{"line":48,"column":5}},"type":"if","locations":[{"start":{"line":46,"column":9},"end":{"line":48,"column":5}},{"start":{},"end":{}}],"line":46},"15":{"loc":{"start":{"line":46,"column":13},"end":{"line":46,"column":78}},"type":"binary-expr","locations":[{"start":{"line":46,"column":13},"end":{"line":46,"column":39}},{"start":{"line":46,"column":43},"end":{"line":46,"column":78}}],"line":46},"16":{"loc":{"start":{"line":51,"column":4},"end":{"line":59,"column":5}},"type":"if","locations":[{"start":{"line":51,"column":4},"end":{"line":59,"column":5}},{"start":{"line":54,"column":9},"end":{"line":59,"column":5}}],"line":51},"17":{"loc":{"start":{"line":51,"column":8},"end":{"line":51,"column":59}},"type":"binary-expr","locations":[{"start":{"line":51,"column":8},"end":{"line":51,"column":32}},{"start":{"line":51,"column":36},"end":{"line":51,"column":59}}],"line":51},"18":{"loc":{"start":{"line":54,"column":9},"end":{"line":59,"column":5}},"type":"if","locations":[{"start":{"line":54,"column":9},"end":{"line":59,"column":5}},{"start":{"line":57,"column":9},"end":{"line":59,"column":5}}],"line":54},"19":{"loc":{"start":{"line":57,"column":9},"end":{"line":59,"column":5}},"type":"if","locations":[{"start":{"line":57,"column":9},"end":{"line":59,"column":5}},{"start":{},"end":{}}],"line":57},"20":{"loc":{"start":{"line":57,"column":13},"end":{"line":57,"column":78}},"type":"binary-expr","locations":[{"start":{"line":57,"column":13},"end":{"line":57,"column":41}},{"start":{"line":57,"column":45},"end":{"line":57,"column":78}}],"line":57},"21":{"loc":{"start":{"line":62,"column":4},"end":{"line":64,"column":5}},"type":"if","locations":[{"start":{"line":62,"column":4},"end":{"line":64,"column":5}},{"start":{},"end":{}}],"line":62},"22":{"loc":{"start":{"line":62,"column":8},"end":{"line":62,"column":63}},"type":"binary-expr","locations":[{"start":{"line":62,"column":8},"end":{"line":62,"column":27}},{"start":{"line":62,"column":31},"end":{"line":62,"column":63}}],"line":62},"23":{"loc":{"start":{"line":67,"column":4},"end":{"line":72,"column":5}},"type":"if","locations":[{"start":{"line":67,"column":4},"end":{"line":72,"column":5}},{"start":{"line":70,"column":9},"end":{"line":72,"column":5}}],"line":67},"24":{"loc":{"start":{"line":67,"column":8},"end":{"line":67,"column":59}},"type":"binary-expr","locations":[{"start":{"line":67,"column":8},"end":{"line":67,"column":25}},{"start":{"line":67,"column":29},"end":{"line":67,"column":59}}],"line":67},"25":{"loc":{"start":{"line":70,"column":9},"end":{"line":72,"column":5}},"type":"if","locations":[{"start":{"line":70,"column":9},"end":{"line":72,"column":5}},{"start":{},"end":{}}],"line":70},"26":{"loc":{"start":{"line":70,"column":13},"end":{"line":70,"column":94}},"type":"binary-expr","locations":[{"start":{"line":70,"column":13},"end":{"line":70,"column":43}},{"start":{"line":70,"column":47},"end":{"line":70,"column":94}}],"line":70}},"s":{"0":5,"1":10,"2":10,"3":2,"4":8,"5":1,"6":10,"7":2,"8":8,"9":1,"10":10,"11":5,"12":19,"13":19,"14":2,"15":17,"16":12,"17":19,"18":2,"19":17,"20":1,"21":16,"22":2,"23":19,"24":2,"25":17,"26":1,"27":16,"28":1,"29":19,"30":0,"31":19,"32":2,"33":17,"34":1,"35":19},"f":{"0":10,"1":19},"b":{"0":[2,8],"1":[10,8],"2":[1,7],"3":[2,8],"4":[10,8],"5":[1,7],"6":[0],"7":[2,17],"8":[19,17],"9":[12,5],"10":[17,6],"11":[2,17],"12":[19,19],"13":[1,16],"14":[2,14],"15":[16,15],"16":[2,17],"17":[19,19],"18":[1,16],"19":[1,15],"20":[16,15],"21":[0,19],"22":[19,2],"23":[2,17],"24":[19,17],"25":[1,16],"26":[17,17]},"_coverageSchema":"1a1c01bbd47fc00a2c39e90264f33305004495a9","hash":"22a1d69411725c20bdd540bb6447a59c74ece990"}
}
