{"D:\\GitHub\\UngDungDangNhap_QuanLySanPham\\frontend\\src\\components\\Login\\Login.jsx": {"path":"D:\\GitHub\\UngDungDangNhap_QuanLySanPham\\frontend\\src\\components\\Login\\Login.jsx","statementMap":{"0":{"start":{"line":8,"column":19},"end":{"line":8,"column":32}},"1":{"start":{"line":9,"column":40},"end":{"line":9,"column":80}},"2":{"start":{"line":10,"column":28},"end":{"line":10,"column":40}},"3":{"start":{"line":11,"column":40},"end":{"line":11,"column":52}},"4":{"start":{"line":12,"column":42},"end":{"line":12,"column":57}},"5":{"start":{"line":14,"column":23},"end":{"line":18,"column":3}},"6":{"start":{"line":15,"column":28},"end":{"line":15,"column":36}},"7":{"start":{"line":16,"column":4},"end":{"line":16,"column":57}},"8":{"start":{"line":16,"column":28},"end":{"line":16,"column":54}},"9":{"start":{"line":17,"column":4},"end":{"line":17,"column":61}},"10":{"start":{"line":17,"column":28},"end":{"line":17,"column":58}},"11":{"start":{"line":20,"column":23},"end":{"line":49,"column":3}},"12":{"start":{"line":21,"column":4},"end":{"line":21,"column":23}},"13":{"start":{"line":22,"column":4},"end":{"line":22,"column":29}},"14":{"start":{"line":22,"column":22},"end":{"line":22,"column":29}},"15":{"start":{"line":23,"column":4},"end":{"line":23,"column":17}},"16":{"start":{"line":25,"column":32},"end":{"line":25,"column":89}},"17":{"start":{"line":26,"column":4},"end":{"line":29,"column":5}},"18":{"start":{"line":27,"column":6},"end":{"line":27,"column":29}},"19":{"start":{"line":28,"column":6},"end":{"line":28,"column":13}},"20":{"start":{"line":31,"column":4},"end":{"line":31,"column":26}},"21":{"start":{"line":32,"column":4},"end":{"line":48,"column":5}},"22":{"start":{"line":34,"column":23},"end":{"line":34,"column":59}},"23":{"start":{"line":36,"column":6},"end":{"line":42,"column":7}},"24":{"start":{"line":37,"column":8},"end":{"line":37,"column":54}},"25":{"start":{"line":38,"column":8},"end":{"line":38,"column":53}},"26":{"start":{"line":38,"column":43},"end":{"line":38,"column":53}},"27":{"start":{"line":39,"column":8},"end":{"line":39,"column":30}},"28":{"start":{"line":41,"column":8},"end":{"line":41,"column":61}},"29":{"start":{"line":45,"column":6},"end":{"line":45,"column":59}},"30":{"start":{"line":47,"column":6},"end":{"line":47,"column":29}},"31":{"start":{"line":51,"column":2},"end":{"line":93,"column":4}}},"fnMap":{"0":{"name":"Login","decl":{"start":{"line":7,"column":9},"end":{"line":7,"column":14}},"loc":{"start":{"line":7,"column":28},"end":{"line":94,"column":1}},"line":7},"1":{"name":"(anonymous_1)","decl":{"start":{"line":14,"column":23},"end":{"line":14,"column":24}},"loc":{"start":{"line":14,"column":30},"end":{"line":18,"column":3}},"line":14},"2":{"name":"(anonymous_2)","decl":{"start":{"line":16,"column":19},"end":{"line":16,"column":20}},"loc":{"start":{"line":16,"column":28},"end":{"line":16,"column":54}},"line":16},"3":{"name":"(anonymous_3)","decl":{"start":{"line":17,"column":19},"end":{"line":17,"column":20}},"loc":{"start":{"line":17,"column":28},"end":{"line":17,"column":58}},"line":17},"4":{"name":"(anonymous_4)","decl":{"start":{"line":20,"column":23},"end":{"line":20,"column":24}},"loc":{"start":{"line":20,"column":36},"end":{"line":49,"column":3}},"line":20}},"branchMap":{"0":{"loc":{"start":{"line":22,"column":4},"end":{"line":22,"column":29}},"type":"if","locations":[{"start":{"line":22,"column":4},"end":{"line":22,"column":29}},{"start":{},"end":{}}],"line":22},"1":{"loc":{"start":{"line":26,"column":4},"end":{"line":29,"column":5}},"type":"if","locations":[{"start":{"line":26,"column":4},"end":{"line":29,"column":5}},{"start":{},"end":{}}],"line":26},"2":{"loc":{"start":{"line":36,"column":6},"end":{"line":42,"column":7}},"type":"if","locations":[{"start":{"line":36,"column":6},"end":{"line":42,"column":7}},{"start":{"line":40,"column":13},"end":{"line":42,"column":7}}],"line":36},"3":{"loc":{"start":{"line":38,"column":8},"end":{"line":38,"column":53}},"type":"if","locations":[{"start":{"line":38,"column":8},"end":{"line":38,"column":53}},{"start":{},"end":{}}],"line":38},"4":{"loc":{"start":{"line":57,"column":11},"end":{"line":57,"column":64}},"type":"binary-expr","locations":[{"start":{"line":57,"column":11},"end":{"line":57,"column":16}},{"start":{"line":57,"column":20},"end":{"line":57,"column":64}}],"line":57},"5":{"loc":{"start":{"line":70,"column":13},"end":{"line":70,"column":94}},"type":"binary-expr","locations":[{"start":{"line":70,"column":13},"end":{"line":70,"column":33}},{"start":{"line":70,"column":37},"end":{"line":70,"column":94}}],"line":70},"6":{"loc":{"start":{"line":84,"column":13},"end":{"line":84,"column":94}},"type":"binary-expr","locations":[{"start":{"line":84,"column":13},"end":{"line":84,"column":33}},{"start":{"line":84,"column":37},"end":{"line":84,"column":94}}],"line":84},"7":{"loc":{"start":{"line":88,"column":13},"end":{"line":88,"column":64}},"type":"cond-expr","locations":[{"start":{"line":88,"column":28},"end":{"line":88,"column":47}},{"start":{"line":88,"column":50},"end":{"line":88,"column":64}}],"line":88}},"s":{"0":24,"1":24,"2":24,"3":24,"4":24,"5":24,"6":8,"7":8,"8":8,"9":8,"10":8,"11":24,"12":5,"13":5,"14":0,"15":5,"16":5,"17":5,"18":1,"19":1,"20":4,"21":4,"22":4,"23":2,"24":2,"25":2,"26":1,"27":2,"28":0,"29":2,"30":4,"31":24},"f":{"0":24,"1":8,"2":8,"3":8,"4":5},"b":{"0":[0,5],"1":[1,4],"2":[2,0],"3":[1,1],"4":[24,2],"5":[24,1],"6":[24,1],"7":[4,20]},"_coverageSchema":"1a1c01bbd47fc00a2c39e90264f33305004495a9","hash":"82ddcff79a45e58f3041e7c7cd0380db098439f5"}
,"D:\\GitHub\\UngDungDangNhap_QuanLySanPham\\frontend\\src\\components\\Products\\ProductModal.jsx": {"path":"D:\\GitHub\\UngDungDangNhap_QuanLySanPham\\frontend\\src\\components\\Products\\ProductModal.jsx","statementMap":{"0":{"start":{"line":7,"column":26},"end":{"line":13,"column":4}},"1":{"start":{"line":14,"column":30},"end":{"line":14,"column":42}},"2":{"start":{"line":16,"column":2},"end":{"line":26,"column":16}},"3":{"start":{"line":17,"column":4},"end":{"line":25,"column":5}},"4":{"start":{"line":18,"column":6},"end":{"line":24,"column":9}},"5":{"start":{"line":28,"column":23},"end":{"line":34,"column":3}},"6":{"start":{"line":29,"column":28},"end":{"line":29,"column":36}},"7":{"start":{"line":30,"column":4},"end":{"line":33,"column":8}},"8":{"start":{"line":30,"column":23},"end":{"line":33,"column":5}},"9":{"start":{"line":36,"column":23},"end":{"line":43,"column":3}},"10":{"start":{"line":37,"column":4},"end":{"line":37,"column":23}},"11":{"start":{"line":38,"column":50},"end":{"line":38,"column":83}},"12":{"start":{"line":39,"column":4},"end":{"line":39,"column":32}},"13":{"start":{"line":40,"column":4},"end":{"line":40,"column":25}},"14":{"start":{"line":40,"column":18},"end":{"line":40,"column":25}},"15":{"start":{"line":41,"column":27},"end":{"line":41,"column":50}},"16":{"start":{"line":42,"column":4},"end":{"line":42,"column":27}},"17":{"start":{"line":46,"column":2},"end":{"line":130,"column":4}},"18":{"start":{"line":75,"column":14},"end":{"line":77,"column":23}}},"fnMap":{"0":{"name":"ProductModal","decl":{"start":{"line":6,"column":24},"end":{"line":6,"column":36}},"loc":{"start":{"line":6,"column":78},"end":{"line":131,"column":1}},"line":6},"1":{"name":"(anonymous_1)","decl":{"start":{"line":16,"column":12},"end":{"line":16,"column":13}},"loc":{"start":{"line":16,"column":18},"end":{"line":26,"column":3}},"line":16},"2":{"name":"(anonymous_2)","decl":{"start":{"line":28,"column":23},"end":{"line":28,"column":24}},"loc":{"start":{"line":28,"column":30},"end":{"line":34,"column":3}},"line":28},"3":{"name":"(anonymous_3)","decl":{"start":{"line":30,"column":12},"end":{"line":30,"column":13}},"loc":{"start":{"line":30,"column":23},"end":{"line":33,"column":5}},"line":30},"4":{"name":"(anonymous_4)","decl":{"start":{"line":36,"column":23},"end":{"line":36,"column":24}},"loc":{"start":{"line":36,"column":36},"end":{"line":43,"column":3}},"line":36},"5":{"name":"(anonymous_5)","decl":{"start":{"line":74,"column":28},"end":{"line":74,"column":29}},"loc":{"start":{"line":75,"column":14},"end":{"line":77,"column":23}},"line":75}},"branchMap":{"0":{"loc":{"start":{"line":17,"column":4},"end":{"line":25,"column":5}},"type":"if","locations":[{"start":{"line":17,"column":4},"end":{"line":25,"column":5}},{"start":{},"end":{}}],"line":17},"1":{"loc":{"start":{"line":19,"column":14},"end":{"line":19,"column":32}},"type":"binary-expr","locations":[{"start":{"line":19,"column":14},"end":{"line":19,"column":26}},{"start":{"line":19,"column":30},"end":{"line":19,"column":32}}],"line":19},"2":{"loc":{"start":{"line":20,"column":21},"end":{"line":20,"column":46}},"type":"binary-expr","locations":[{"start":{"line":20,"column":21},"end":{"line":20,"column":40}},{"start":{"line":20,"column":44},"end":{"line":20,"column":46}}],"line":20},"3":{"loc":{"start":{"line":21,"column":15},"end":{"line":21,"column":34}},"type":"binary-expr","locations":[{"start":{"line":21,"column":15},"end":{"line":21,"column":28}},{"start":{"line":21,"column":32},"end":{"line":21,"column":34}}],"line":21},"4":{"loc":{"start":{"line":22,"column":18},"end":{"line":22,"column":40}},"type":"binary-expr","locations":[{"start":{"line":22,"column":18},"end":{"line":22,"column":34}},{"start":{"line":22,"column":38},"end":{"line":22,"column":40}}],"line":22},"5":{"loc":{"start":{"line":23,"column":18},"end":{"line":23,"column":40}},"type":"binary-expr","locations":[{"start":{"line":23,"column":18},"end":{"line":23,"column":34}},{"start":{"line":23,"column":38},"end":{"line":23,"column":40}}],"line":23},"6":{"loc":{"start":{"line":32,"column":14},"end":{"line":32,"column":77}},"type":"cond-expr","locations":[{"start":{"line":32,"column":56},"end":{"line":32,"column":69}},{"start":{"line":32,"column":72},"end":{"line":32,"column":77}}],"line":32},"7":{"loc":{"start":{"line":32,"column":14},"end":{"line":32,"column":53}},"type":"binary-expr","locations":[{"start":{"line":32,"column":14},"end":{"line":32,"column":30}},{"start":{"line":32,"column":34},"end":{"line":32,"column":53}}],"line":32},"8":{"loc":{"start":{"line":40,"column":4},"end":{"line":40,"column":25}},"type":"if","locations":[{"start":{"line":40,"column":4},"end":{"line":40,"column":25}},{"start":{},"end":{}}],"line":40},"9":{"loc":{"start":{"line":52,"column":13},"end":{"line":52,"column":60}},"type":"cond-expr","locations":[{"start":{"line":52,"column":23},"end":{"line":52,"column":42}},{"start":{"line":52,"column":45},"end":{"line":52,"column":60}}],"line":52},"10":{"loc":{"start":{"line":63,"column":11},"end":{"line":63,"column":132}},"type":"binary-expr","locations":[{"start":{"line":63,"column":11},"end":{"line":63,"column":22}},{"start":{"line":63,"column":26},"end":{"line":63,"column":132}}],"line":63},"11":{"loc":{"start":{"line":80,"column":11},"end":{"line":80,"column":148}},"type":"binary-expr","locations":[{"start":{"line":80,"column":11},"end":{"line":80,"column":26}},{"start":{"line":80,"column":30},"end":{"line":80,"column":148}}],"line":80},"12":{"loc":{"start":{"line":93,"column":11},"end":{"line":93,"column":136}},"type":"binary-expr","locations":[{"start":{"line":93,"column":11},"end":{"line":93,"column":23}},{"start":{"line":93,"column":27},"end":{"line":93,"column":136}}],"line":93},"13":{"loc":{"start":{"line":105,"column":11},"end":{"line":105,"column":148}},"type":"binary-expr","locations":[{"start":{"line":105,"column":11},"end":{"line":105,"column":26}},{"start":{"line":105,"column":30},"end":{"line":105,"column":148}}],"line":105},"14":{"loc":{"start":{"line":117,"column":11},"end":{"line":117,"column":160}},"type":"binary-expr","locations":[{"start":{"line":117,"column":11},"end":{"line":117,"column":29}},{"start":{"line":117,"column":33},"end":{"line":117,"column":160}}],"line":117},"15":{"loc":{"start":{"line":124,"column":15},"end":{"line":124,"column":37}},"type":"cond-expr","locations":[{"start":{"line":124,"column":25},"end":{"line":124,"column":30}},{"start":{"line":124,"column":31},"end":{"line":124,"column":37}}],"line":124}},"s":{"0":25,"1":25,"2":25,"3":6,"4":3,"5":25,"6":13,"7":13,"8":13,"9":25,"10":5,"11":5,"12":5,"13":5,"14":1,"15":4,"16":4,"17":25,"18":100},"f":{"0":25,"1":6,"2":13,"3":13,"4":5,"5":100},"b":{"0":[3,3],"1":[3,0],"2":[3,0],"3":[3,0],"4":[3,0],"5":[3,0],"6":[5,8],"7":[13,10],"8":[1,4],"9":[9,16],"10":[25,1],"11":[25,1],"12":[25,1],"13":[25,1],"14":[25,0],"15":[9,16]},"_coverageSchema":"1a1c01bbd47fc00a2c39e90264f33305004495a9","hash":"d3e4167eb3b0caf1bae71675ca0bda79c1c52e0b"}
,"D:\\GitHub\\UngDungDangNhap_QuanLySanPham\\frontend\\src\\components\\Products\\Products.jsx": {"path":"D:\\GitHub\\UngDungDangNhap_QuanLySanPham\\frontend\\src\\components\\Products\\Products.jsx","statementMap":{"0":{"start":{"line":8,"column":34},"end":{"line":8,"column":46}},"1":{"start":{"line":9,"column":23},"end":{"line":14,"column":4}},"2":{"start":{"line":15,"column":48},"end":{"line":15,"column":62}},"3":{"start":{"line":16,"column":34},"end":{"line":16,"column":49}},"4":{"start":{"line":17,"column":30},"end":{"line":17,"column":42}},"5":{"start":{"line":18,"column":38},"end":{"line":18,"column":50}},"6":{"start":{"line":19,"column":46},"end":{"line":19,"column":58}},"7":{"start":{"line":20,"column":40},"end":{"line":20,"column":51}},"8":{"start":{"line":21,"column":23},"end":{"line":21,"column":24}},"9":{"start":{"line":22,"column":32},"end":{"line":22,"column":44}},"10":{"start":{"line":24,"column":2},"end":{"line":38,"column":9}},"11":{"start":{"line":26,"column":26},"end":{"line":35,"column":5}},"12":{"start":{"line":27,"column":6},"end":{"line":34,"column":7}},"13":{"start":{"line":28,"column":25},"end":{"line":28,"column":62}},"14":{"start":{"line":29,"column":8},"end":{"line":29,"column":30}},"15":{"start":{"line":31,"column":8},"end":{"line":31,"column":55}},"16":{"start":{"line":32,"column":8},"end":{"line":32,"column":23}},"17":{"start":{"line":37,"column":4},"end":{"line":37,"column":20}},"18":{"start":{"line":40,"column":27},"end":{"line":44,"column":75}},"19":{"start":{"line":42,"column":6},"end":{"line":42,"column":68}},"20":{"start":{"line":44,"column":20},"end":{"line":44,"column":73}},"21":{"start":{"line":46,"column":22},"end":{"line":46,"column":48}},"22":{"start":{"line":47,"column":23},"end":{"line":47,"column":49}},"23":{"start":{"line":48,"column":26},"end":{"line":48,"column":75}},"24":{"start":{"line":49,"column":21},"end":{"line":49,"column":70}},"25":{"start":{"line":51,"column":23},"end":{"line":54,"column":3}},"26":{"start":{"line":52,"column":4},"end":{"line":52,"column":29}},"27":{"start":{"line":53,"column":4},"end":{"line":53,"column":22}},"28":{"start":{"line":56,"column":21},"end":{"line":60,"column":3}},"29":{"start":{"line":57,"column":4},"end":{"line":57,"column":48}},"30":{"start":{"line":58,"column":4},"end":{"line":58,"column":32}},"31":{"start":{"line":59,"column":4},"end":{"line":59,"column":22}},"32":{"start":{"line":62,"column":23},"end":{"line":75,"column":3}},"33":{"start":{"line":63,"column":4},"end":{"line":74,"column":5}},"34":{"start":{"line":64,"column":26},"end":{"line":64,"column":61}},"35":{"start":{"line":64,"column":49},"end":{"line":64,"column":60}},"36":{"start":{"line":65,"column":6},"end":{"line":65,"column":31}},"37":{"start":{"line":67,"column":28},"end":{"line":67,"column":72}},"38":{"start":{"line":68,"column":6},"end":{"line":70,"column":7}},"39":{"start":{"line":69,"column":8},"end":{"line":69,"column":62}},"40":{"start":{"line":71,"column":6},"end":{"line":71,"column":45}},"41":{"start":{"line":72,"column":6},"end":{"line":72,"column":46}},"42":{"start":{"line":73,"column":6},"end":{"line":73,"column":45}},"43":{"start":{"line":73,"column":23},"end":{"line":73,"column":37}},"44":{"start":{"line":77,"column":26},"end":{"line":102,"column":3}},"45":{"start":{"line":78,"column":50},"end":{"line":81,"column":5}},"46":{"start":{"line":82,"column":4},"end":{"line":85,"column":5}},"47":{"start":{"line":83,"column":6},"end":{"line":83,"column":34}},"48":{"start":{"line":84,"column":6},"end":{"line":84,"column":13}},"49":{"start":{"line":87,"column":4},"end":{"line":98,"column":5}},"50":{"start":{"line":88,"column":6},"end":{"line":88,"column":76}},"51":{"start":{"line":89,"column":6},"end":{"line":91,"column":8}},"52":{"start":{"line":90,"column":8},"end":{"line":90,"column":74}},"53":{"start":{"line":90,"column":25},"end":{"line":90,"column":72}},"54":{"start":{"line":92,"column":6},"end":{"line":92,"column":51}},"55":{"start":{"line":94,"column":23},"end":{"line":94,"column":73}},"56":{"start":{"line":95,"column":6},"end":{"line":95,"column":79}},"57":{"start":{"line":95,"column":28},"end":{"line":95,"column":77}},"58":{"start":{"line":96,"column":6},"end":{"line":96,"column":47}},"59":{"start":{"line":97,"column":6},"end":{"line":97,"column":33}},"60":{"start":{"line":100,"column":4},"end":{"line":100,"column":23}},"61":{"start":{"line":101,"column":4},"end":{"line":101,"column":43}},"62":{"start":{"line":101,"column":21},"end":{"line":101,"column":35}},"63":{"start":{"line":104,"column":21},"end":{"line":106,"column":3}},"64":{"start":{"line":105,"column":4},"end":{"line":105,"column":57}},"65":{"start":{"line":105,"column":25},"end":{"line":105,"column":57}},"66":{"start":{"line":108,"column":21},"end":{"line":110,"column":3}},"67":{"start":{"line":109,"column":4},"end":{"line":109,"column":66}},"68":{"start":{"line":109,"column":34},"end":{"line":109,"column":66}},"69":{"start":{"line":112,"column":2},"end":{"line":207,"column":4}},"70":{"start":{"line":123,"column":27},"end":{"line":123,"column":56}},"71":{"start":{"line":129,"column":27},"end":{"line":129,"column":60}},"72":{"start":{"line":133,"column":12},"end":{"line":135,"column":21}},"73":{"start":{"line":145,"column":12},"end":{"line":173,"column":18}},"74":{"start":{"line":159,"column":35},"end":{"line":159,"column":48}},"75":{"start":{"line":167,"column":35},"end":{"line":167,"column":53}},"76":{"start":{"line":195,"column":26},"end":{"line":195,"column":51}},"77":{"start":{"line":195,"column":52},"end":{"line":195,"column":70}},"78":{"start":{"line":202,"column":23},"end":{"line":202,"column":37}}},"fnMap":{"0":{"name":"Products","decl":{"start":{"line":7,"column":24},"end":{"line":7,"column":32}},"loc":{"start":{"line":7,"column":35},"end":{"line":208,"column":1}},"line":7},"1":{"name":"(anonymous_1)","decl":{"start":{"line":24,"column":12},"end":{"line":24,"column":13}},"loc":{"start":{"line":24,"column":18},"end":{"line":38,"column":3}},"line":24},"2":{"name":"(anonymous_2)","decl":{"start":{"line":26,"column":26},"end":{"line":26,"column":27}},"loc":{"start":{"line":26,"column":38},"end":{"line":35,"column":5}},"line":26},"3":{"name":"(anonymous_3)","decl":{"start":{"line":41,"column":12},"end":{"line":41,"column":13}},"loc":{"start":{"line":42,"column":6},"end":{"line":42,"column":68}},"line":42},"4":{"name":"(anonymous_4)","decl":{"start":{"line":44,"column":12},"end":{"line":44,"column":13}},"loc":{"start":{"line":44,"column":20},"end":{"line":44,"column":73}},"line":44},"5":{"name":"(anonymous_5)","decl":{"start":{"line":51,"column":23},"end":{"line":51,"column":24}},"loc":{"start":{"line":51,"column":29},"end":{"line":54,"column":3}},"line":51},"6":{"name":"(anonymous_6)","decl":{"start":{"line":56,"column":21},"end":{"line":56,"column":22}},"loc":{"start":{"line":56,"column":40},"end":{"line":60,"column":3}},"line":56},"7":{"name":"(anonymous_7)","decl":{"start":{"line":62,"column":23},"end":{"line":62,"column":24}},"loc":{"start":{"line":62,"column":37},"end":{"line":75,"column":3}},"line":62},"8":{"name":"(anonymous_8)","decl":{"start":{"line":64,"column":42},"end":{"line":64,"column":43}},"loc":{"start":{"line":64,"column":49},"end":{"line":64,"column":60}},"line":64},"9":{"name":"(anonymous_9)","decl":{"start":{"line":73,"column":17},"end":{"line":73,"column":18}},"loc":{"start":{"line":73,"column":23},"end":{"line":73,"column":37}},"line":73},"10":{"name":"(anonymous_10)","decl":{"start":{"line":77,"column":26},"end":{"line":77,"column":27}},"loc":{"start":{"line":77,"column":52},"end":{"line":102,"column":3}},"line":77},"11":{"name":"(anonymous_11)","decl":{"start":{"line":89,"column":18},"end":{"line":89,"column":19}},"loc":{"start":{"line":90,"column":8},"end":{"line":90,"column":74}},"line":90},"12":{"name":"(anonymous_12)","decl":{"start":{"line":90,"column":17},"end":{"line":90,"column":18}},"loc":{"start":{"line":90,"column":25},"end":{"line":90,"column":72}},"line":90},"13":{"name":"(anonymous_13)","decl":{"start":{"line":95,"column":18},"end":{"line":95,"column":19}},"loc":{"start":{"line":95,"column":28},"end":{"line":95,"column":77}},"line":95},"14":{"name":"(anonymous_14)","decl":{"start":{"line":101,"column":15},"end":{"line":101,"column":16}},"loc":{"start":{"line":101,"column":21},"end":{"line":101,"column":35}},"line":101},"15":{"name":"(anonymous_15)","decl":{"start":{"line":104,"column":21},"end":{"line":104,"column":22}},"loc":{"start":{"line":104,"column":27},"end":{"line":106,"column":3}},"line":104},"16":{"name":"(anonymous_16)","decl":{"start":{"line":108,"column":21},"end":{"line":108,"column":22}},"loc":{"start":{"line":108,"column":27},"end":{"line":110,"column":3}},"line":108},"17":{"name":"(anonymous_17)","decl":{"start":{"line":123,"column":20},"end":{"line":123,"column":21}},"loc":{"start":{"line":123,"column":27},"end":{"line":123,"column":56}},"line":123},"18":{"name":"(anonymous_18)","decl":{"start":{"line":129,"column":20},"end":{"line":129,"column":21}},"loc":{"start":{"line":129,"column":27},"end":{"line":129,"column":60}},"line":129},"19":{"name":"(anonymous_19)","decl":{"start":{"line":132,"column":26},"end":{"line":132,"column":27}},"loc":{"start":{"line":133,"column":12},"end":{"line":135,"column":21}},"line":133},"20":{"name":"(anonymous_20)","decl":{"start":{"line":144,"column":30},"end":{"line":144,"column":31}},"loc":{"start":{"line":145,"column":12},"end":{"line":173,"column":18}},"line":145},"21":{"name":"(anonymous_21)","decl":{"start":{"line":159,"column":29},"end":{"line":159,"column":30}},"loc":{"start":{"line":159,"column":35},"end":{"line":159,"column":48}},"line":159},"22":{"name":"(anonymous_22)","decl":{"start":{"line":167,"column":29},"end":{"line":167,"column":30}},"loc":{"start":{"line":167,"column":35},"end":{"line":167,"column":53}},"line":167},"23":{"name":"(anonymous_23)","decl":{"start":{"line":195,"column":19},"end":{"line":195,"column":20}},"loc":{"start":{"line":195,"column":25},"end":{"line":195,"column":71}},"line":195},"24":{"name":"(anonymous_24)","decl":{"start":{"line":202,"column":17},"end":{"line":202,"column":18}},"loc":{"start":{"line":202,"column":23},"end":{"line":202,"column":37}},"line":202}},"branchMap":{"0":{"loc":{"start":{"line":40,"column":28},"end":{"line":40,"column":42}},"type":"binary-expr","locations":[{"start":{"line":40,"column":28},"end":{"line":40,"column":36}},{"start":{"line":40,"column":40},"end":{"line":40,"column":42}}],"line":40},"1":{"loc":{"start":{"line":44,"column":20},"end":{"line":44,"column":73}},"type":"cond-expr","locations":[{"start":{"line":44,"column":37},"end":{"line":44,"column":66}},{"start":{"line":44,"column":69},"end":{"line":44,"column":73}}],"line":44},"2":{"loc":{"start":{"line":63,"column":4},"end":{"line":74,"column":5}},"type":"if","locations":[{"start":{"line":63,"column":4},"end":{"line":74,"column":5}},{"start":{},"end":{}}],"line":63},"3":{"loc":{"start":{"line":68,"column":6},"end":{"line":70,"column":7}},"type":"if","locations":[{"start":{"line":68,"column":6},"end":{"line":70,"column":7}},{"start":{},"end":{}}],"line":68},"4":{"loc":{"start":{"line":69,"column":23},"end":{"line":69,"column":60}},"type":"cond-expr","locations":[{"start":{"line":69,"column":43},"end":{"line":69,"column":56}},{"start":{"line":69,"column":59},"end":{"line":69,"column":60}}],"line":69},"5":{"loc":{"start":{"line":82,"column":4},"end":{"line":85,"column":5}},"type":"if","locations":[{"start":{"line":82,"column":4},"end":{"line":85,"column":5}},{"start":{},"end":{}}],"line":82},"6":{"loc":{"start":{"line":87,"column":4},"end":{"line":98,"column":5}},"type":"if","locations":[{"start":{"line":87,"column":4},"end":{"line":98,"column":5}},{"start":{"line":93,"column":11},"end":{"line":98,"column":5}}],"line":87},"7":{"loc":{"start":{"line":90,"column":25},"end":{"line":90,"column":72}},"type":"cond-expr","locations":[{"start":{"line":90,"column":54},"end":{"line":90,"column":68}},{"start":{"line":90,"column":71},"end":{"line":90,"column":72}}],"line":90},"8":{"loc":{"start":{"line":105,"column":4},"end":{"line":105,"column":57}},"type":"if","locations":[{"start":{"line":105,"column":4},"end":{"line":105,"column":57}},{"start":{},"end":{}}],"line":105},"9":{"loc":{"start":{"line":109,"column":4},"end":{"line":109,"column":66}},"type":"if","locations":[{"start":{"line":109,"column":4},"end":{"line":109,"column":66}},{"start":{},"end":{}}],"line":109},"10":{"loc":{"start":{"line":114,"column":7},"end":{"line":114,"column":66}},"type":"binary-expr","locations":[{"start":{"line":114,"column":7},"end":{"line":114,"column":14}},{"start":{"line":114,"column":18},"end":{"line":114,"column":66}}],"line":114},"11":{"loc":{"start":{"line":141,"column":9},"end":{"line":175,"column":9}},"type":"cond-expr","locations":[{"start":{"line":142,"column":10},"end":{"line":142,"column":43}},{"start":{"line":144,"column":10},"end":{"line":174,"column":12}}],"line":141},"12":{"loc":{"start":{"line":149,"column":19},"end":{"line":149,"column":52}},"type":"binary-expr","locations":[{"start":{"line":149,"column":19},"end":{"line":149,"column":32}},{"start":{"line":149,"column":36},"end":{"line":149,"column":52}}],"line":149},"13":{"loc":{"start":{"line":178,"column":7},"end":{"line":190,"column":7}},"type":"binary-expr","locations":[{"start":{"line":178,"column":7},"end":{"line":178,"column":45}},{"start":{"line":179,"column":8},"end":{"line":189,"column":14}}],"line":178},"14":{"loc":{"start":{"line":192,"column":7},"end":{"line":199,"column":7}},"type":"binary-expr","locations":[{"start":{"line":192,"column":7},"end":{"line":192,"column":15}},{"start":{"line":193,"column":8},"end":{"line":198,"column":10}}],"line":192}},"s":{"0":32,"1":32,"2":32,"3":32,"4":32,"5":32,"6":32,"7":32,"8":32,"9":32,"10":32,"11":9,"12":9,"13":9,"14":9,"15":0,"16":0,"17":9,"18":32,"19":42,"20":42,"21":32,"22":32,"23":32,"24":32,"25":32,"26":3,"27":3,"28":32,"29":3,"30":3,"31":3,"32":32,"33":1,"34":1,"35":1,"36":1,"37":1,"38":1,"39":1,"40":1,"41":1,"42":1,"43":0,"44":32,"45":4,"46":4,"47":0,"48":0,"49":4,"50":2,"51":2,"52":2,"53":2,"54":2,"55":2,"56":2,"57":2,"58":2,"59":2,"60":4,"61":4,"62":0,"63":32,"64":1,"65":1,"66":32,"67":1,"68":1,"69":32,"70":0,"71":0,"72":128,"73":28,"74":3,"75":1,"76":0,"77":0,"78":3},"f":{"0":32,"1":9,"2":9,"3":42,"4":42,"5":3,"6":3,"7":1,"8":1,"9":0,"10":4,"11":2,"12":2,"13":2,"14":0,"15":1,"16":1,"17":0,"18":0,"19":128,"20":28,"21":3,"22":1,"23":0,"24":3},"b":{"0":[32,0],"1":[0,42],"2":[1,0],"3":[1,0],"4":[0,1],"5":[0,4],"6":[2,2],"7":[2,0],"8":[1,0],"9":[1,0],"10":[32,5],"11":[19,13],"12":[28,0],"13":[32,3],"14":[32,6]},"_coverageSchema":"1a1c01bbd47fc00a2c39e90264f33305004495a9","hash":"8159f528ce9f268a79c1e9d29ace1c7bdc5b5cb0"}
,"D:\\GitHub\\UngDungDangNhap_QuanLySanPham\\frontend\\src\\services\\api.js": {"path":"D:\\GitHub\\UngDungDangNhap_QuanLySanPham\\frontend\\src\\services\\api.js","statementMap":{"0":{"start":{"line":3,"column":17},"end":{"line":3,"column":44}},"1":{"start":{"line":6,"column":12},"end":{"line":8,"column":2}},"2":{"start":{"line":11,"column":0},"end":{"line":22,"column":2}},"3":{"start":{"line":13,"column":22},"end":{"line":13,"column":51}},"4":{"start":{"line":14,"column":8},"end":{"line":16,"column":9}},"5":{"start":{"line":15,"column":12},"end":{"line":15,"column":61}},"6":{"start":{"line":17,"column":8},"end":{"line":17,"column":22}},"7":{"start":{"line":20,"column":8},"end":{"line":20,"column":37}},"8":{"start":{"line":25,"column":27},"end":{"line":30,"column":1}},"9":{"start":{"line":27,"column":25},"end":{"line":27,"column":67}},"10":{"start":{"line":28,"column":8},"end":{"line":28,"column":29}},"11":{"start":{"line":33,"column":30},"end":{"line":57,"column":1}},"12":{"start":{"line":35,"column":25},"end":{"line":35,"column":51}},"13":{"start":{"line":36,"column":8},"end":{"line":36,"column":29}},"14":{"start":{"line":40,"column":25},"end":{"line":40,"column":57}},"15":{"start":{"line":41,"column":8},"end":{"line":41,"column":29}},"16":{"start":{"line":45,"column":25},"end":{"line":45,"column":61}},"17":{"start":{"line":46,"column":8},"end":{"line":46,"column":29}},"18":{"start":{"line":50,"column":25},"end":{"line":50,"column":66}},"19":{"start":{"line":51,"column":8},"end":{"line":51,"column":29}},"20":{"start":{"line":55,"column":8},"end":{"line":55,"column":44}}},"fnMap":{"0":{"name":"(anonymous_0)","decl":{"start":{"line":12,"column":4},"end":{"line":12,"column":5}},"loc":{"start":{"line":12,"column":16},"end":{"line":18,"column":5}},"line":12},"1":{"name":"(anonymous_1)","decl":{"start":{"line":19,"column":4},"end":{"line":19,"column":5}},"loc":{"start":{"line":19,"column":15},"end":{"line":21,"column":5}},"line":19},"2":{"name":"(anonymous_2)","decl":{"start":{"line":26,"column":11},"end":{"line":26,"column":12}},"loc":{"start":{"line":26,"column":34},"end":{"line":29,"column":5}},"line":26},"3":{"name":"(anonymous_3)","decl":{"start":{"line":34,"column":20},"end":{"line":34,"column":21}},"loc":{"start":{"line":34,"column":32},"end":{"line":37,"column":5}},"line":34},"4":{"name":"(anonymous_4)","decl":{"start":{"line":39,"column":16},"end":{"line":39,"column":17}},"loc":{"start":{"line":39,"column":30},"end":{"line":42,"column":5}},"line":39},"5":{"name":"(anonymous_5)","decl":{"start":{"line":44,"column":19},"end":{"line":44,"column":20}},"loc":{"start":{"line":44,"column":38},"end":{"line":47,"column":5}},"line":44},"6":{"name":"(anonymous_6)","decl":{"start":{"line":49,"column":19},"end":{"line":49,"column":20}},"loc":{"start":{"line":49,"column":42},"end":{"line":52,"column":5}},"line":49},"7":{"name":"(anonymous_7)","decl":{"start":{"line":54,"column":19},"end":{"line":54,"column":20}},"loc":{"start":{"line":54,"column":33},"end":{"line":56,"column":5}},"line":54}},"branchMap":{"0":{"loc":{"start":{"line":14,"column":8},"end":{"line":16,"column":9}},"type":"if","locations":[{"start":{"line":14,"column":8},"end":{"line":16,"column":9}},{"start":{},"end":{}}],"line":14}},"s":{"0":2,"1":2,"2":2,"3":0,"4":0,"5":0,"6":0,"7":0,"8":2,"9":0,"10":0,"11":2,"12":0,"13":0,"14":0,"15":0,"16":0,"17":0,"18":0,"19":0,"20":0},"f":{"0":0,"1":0,"2":0,"3":0,"4":0,"5":0,"6":0,"7":0},"b":{"0":[0,0]},"_coverageSchema":"1a1c01bbd47fc00a2c39e90264f33305004495a9","hash":"b6d9aee75db1d1a471d067d9001ca38fd0566f0f"}
,"D:\\GitHub\\UngDungDangNhap_QuanLySanPham\\frontend\\src\\utils\\validateLogin.js": {"path":"D:\\GitHub\\UngDungDangNhap_QuanLySanPham\\frontend\\src\\utils\\validateLogin.js","statementMap":{"0":{"start":{"line":2,"column":29},"end":{"line":30,"column":1}},"1":{"start":{"line":3,"column":19},"end":{"line":3,"column":21}},"2":{"start":{"line":6,"column":4},"end":{"line":13,"column":5}},"3":{"start":{"line":7,"column":8},"end":{"line":7,"column":58}},"4":{"start":{"line":9,"column":9},"end":{"line":13,"column":5}},"5":{"start":{"line":10,"column":8},"end":{"line":10,"column":75}},"6":{"start":{"line":11,"column":10},"end":{"line":13,"column":5}},"7":{"start":{"line":12,"column":8},"end":{"line":12,"column":64}},"8":{"start":{"line":16,"column":4},"end":{"line":24,"column":5}},"9":{"start":{"line":17,"column":8},"end":{"line":17,"column":53}},"10":{"start":{"line":19,"column":9},"end":{"line":24,"column":5}},"11":{"start":{"line":20,"column":8},"end":{"line":20,"column":60}},"12":{"start":{"line":22,"column":9},"end":{"line":24,"column":5}},"13":{"start":{"line":23,"column":8},"end":{"line":23,"column":62}},"14":{"start":{"line":26,"column":4},"end":{"line":29,"column":6}}},"fnMap":{"0":{"name":"(anonymous_0)","decl":{"start":{"line":2,"column":29},"end":{"line":2,"column":30}},"loc":{"start":{"line":2,"column":53},"end":{"line":30,"column":1}},"line":2}},"branchMap":{"0":{"loc":{"start":{"line":6,"column":4},"end":{"line":13,"column":5}},"type":"if","locations":[{"start":{"line":6,"column":4},"end":{"line":13,"column":5}},{"start":{"line":9,"column":9},"end":{"line":13,"column":5}}],"line":6},"1":{"loc":{"start":{"line":6,"column":8},"end":{"line":6,"column":43}},"type":"binary-expr","locations":[{"start":{"line":6,"column":8},"end":{"line":6,"column":17}},{"start":{"line":6,"column":21},"end":{"line":6,"column":43}}],"line":6},"2":{"loc":{"start":{"line":9,"column":9},"end":{"line":13,"column":5}},"type":"if","locations":[{"start":{"line":9,"column":9},"end":{"line":13,"column":5}},{"start":{"line":11,"column":10},"end":{"line":13,"column":5}}],"line":9},"3":{"loc":{"start":{"line":11,"column":10},"end":{"line":13,"column":5}},"type":"if","locations":[{"start":{"line":11,"column":10},"end":{"line":13,"column":5}},{"start":{},"end":{}}],"line":11},"4":{"loc":{"start":{"line":11,"column":13},"end":{"line":11,"column":56}},"type":"binary-expr","locations":[{"start":{"line":11,"column":13},"end":{"line":11,"column":32}},{"start":{"line":11,"column":36},"end":{"line":11,"column":56}}],"line":11},"5":{"loc":{"start":{"line":16,"column":4},"end":{"line":24,"column":5}},"type":"if","locations":[{"start":{"line":16,"column":4},"end":{"line":24,"column":5}},{"start":{"line":19,"column":9},"end":{"line":24,"column":5}}],"line":16},"6":{"loc":{"start":{"line":16,"column":8},"end":{"line":16,"column":43}},"type":"binary-expr","locations":[{"start":{"line":16,"column":8},"end":{"line":16,"column":17}},{"start":{"line":16,"column":21},"end":{"line":16,"column":43}}],"line":16},"7":{"loc":{"start":{"line":19,"column":9},"end":{"line":24,"column":5}},"type":"if","locations":[{"start":{"line":19,"column":9},"end":{"line":24,"column":5}},{"start":{"line":22,"column":9},"end":{"line":24,"column":5}}],"line":19},"8":{"loc":{"start":{"line":19,"column":13},"end":{"line":19,"column":57}},"type":"binary-expr","locations":[{"start":{"line":19,"column":13},"end":{"line":19,"column":32}},{"start":{"line":19,"column":36},"end":{"line":19,"column":57}}],"line":19},"9":{"loc":{"start":{"line":22,"column":9},"end":{"line":24,"column":5}},"type":"if","locations":[{"start":{"line":22,"column":9},"end":{"line":24,"column":5}},{"start":{},"end":{}}],"line":22}},"s":{"0":3,"1":13,"2":13,"3":2,"4":11,"5":1,"6":10,"7":1,"8":13,"9":2,"10":11,"11":1,"12":10,"13":1,"14":13},"f":{"0":13},"b":{"0":[2,11],"1":[13,11],"2":[1,10],"3":[1,9],"4":[10,9],"5":[2,11],"6":[13,11],"7":[1,10],"8":[11,10],"9":[1,9]},"_coverageSchema":"1a1c01bbd47fc00a2c39e90264f33305004495a9","hash":"33fdc6918d6f05a0a533555c0007ce18f9901c47"}
,"D:\\GitHub\\UngDungDangNhap_QuanLySanPham\\frontend\\src\\utils\\validateProduct.js": {"path":"D:\\GitHub\\UngDungDangNhap_QuanLySanPham\\frontend\\src\\utils\\validateProduct.js","statementMap":{"0":{"start":{"line":2,"column":31},"end":{"line":52,"column":1}},"1":{"start":{"line":3,"column":19},"end":{"line":3,"column":21}},"2":{"start":{"line":6,"column":4},"end":{"line":11,"column":5}},"3":{"start":{"line":7,"column":8},"end":{"line":7,"column":59}},"4":{"start":{"line":9,"column":9},"end":{"line":11,"column":5}},"5":{"start":{"line":10,"column":8},"end":{"line":10,"column":59}},"6":{"start":{"line":14,"column":4},"end":{"line":22,"column":5}},"7":{"start":{"line":15,"column":8},"end":{"line":15,"column":51}},"8":{"start":{"line":17,"column":9},"end":{"line":22,"column":5}},"9":{"start":{"line":18,"column":8},"end":{"line":18,"column":49}},"10":{"start":{"line":20,"column":9},"end":{"line":22,"column":5}},"11":{"start":{"line":21,"column":8},"end":{"line":21,"column":57}},"12":{"start":{"line":25,"column":4},"end":{"line":33,"column":5}},"13":{"start":{"line":26,"column":8},"end":{"line":26,"column":59}},"14":{"start":{"line":28,"column":9},"end":{"line":33,"column":5}},"15":{"start":{"line":29,"column":8},"end":{"line":29,"column":50}},"16":{"start":{"line":31,"column":9},"end":{"line":33,"column":5}},"17":{"start":{"line":32,"column":8},"end":{"line":32,"column":56}},"18":{"start":{"line":36,"column":4},"end":{"line":38,"column":5}},"19":{"start":{"line":37,"column":8},"end":{"line":37,"column":69}},"20":{"start":{"line":41,"column":4},"end":{"line":46,"column":5}},"21":{"start":{"line":42,"column":8},"end":{"line":42,"column":53}},"22":{"start":{"line":44,"column":9},"end":{"line":46,"column":5}},"23":{"start":{"line":45,"column":8},"end":{"line":45,"column":52}},"24":{"start":{"line":48,"column":4},"end":{"line":51,"column":6}}},"fnMap":{"0":{"name":"(anonymous_0)","decl":{"start":{"line":2,"column":31},"end":{"line":2,"column":32}},"loc":{"start":{"line":2,"column":70},"end":{"line":52,"column":1}},"line":2}},"branchMap":{"0":{"loc":{"start":{"line":2,"column":41},"end":{"line":2,"column":65}},"type":"default-arg","locations":[{"start":{"line":2,"column":63},"end":{"line":2,"column":65}}],"line":2},"1":{"loc":{"start":{"line":6,"column":4},"end":{"line":11,"column":5}},"type":"if","locations":[{"start":{"line":6,"column":4},"end":{"line":11,"column":5}},{"start":{"line":9,"column":9},"end":{"line":11,"column":5}}],"line":6},"2":{"loc":{"start":{"line":6,"column":8},"end":{"line":6,"column":51}},"type":"binary-expr","locations":[{"start":{"line":6,"column":8},"end":{"line":6,"column":21}},{"start":{"line":6,"column":25},"end":{"line":6,"column":51}}],"line":6},"3":{"loc":{"start":{"line":9,"column":9},"end":{"line":11,"column":5}},"type":"if","locations":[{"start":{"line":9,"column":9},"end":{"line":11,"column":5}},{"start":{},"end":{}}],"line":9},"4":{"loc":{"start":{"line":9,"column":13},"end":{"line":9,"column":65}},"type":"binary-expr","locations":[{"start":{"line":9,"column":13},"end":{"line":9,"column":36}},{"start":{"line":9,"column":40},"end":{"line":9,"column":65}}],"line":9},"5":{"loc":{"start":{"line":14,"column":4},"end":{"line":22,"column":5}},"type":"if","locations":[{"start":{"line":14,"column":4},"end":{"line":22,"column":5}},{"start":{"line":17,"column":9},"end":{"line":22,"column":5}}],"line":14},"6":{"loc":{"start":{"line":14,"column":8},"end":{"line":14,"column":53}},"type":"binary-expr","locations":[{"start":{"line":14,"column":8},"end":{"line":14,"column":29}},{"start":{"line":14,"column":33},"end":{"line":14,"column":53}}],"line":14},"7":{"loc":{"start":{"line":17,"column":9},"end":{"line":22,"column":5}},"type":"if","locations":[{"start":{"line":17,"column":9},"end":{"line":22,"column":5}},{"start":{"line":20,"column":9},"end":{"line":22,"column":5}}],"line":17},"8":{"loc":{"start":{"line":20,"column":9},"end":{"line":22,"column":5}},"type":"if","locations":[{"start":{"line":20,"column":9},"end":{"line":22,"column":5}},{"start":{},"end":{}}],"line":20},"9":{"loc":{"start":{"line":20,"column":13},"end":{"line":20,"column":78}},"type":"binary-expr","locations":[{"start":{"line":20,"column":13},"end":{"line":20,"column":39}},{"start":{"line":20,"column":43},"end":{"line":20,"column":78}}],"line":20},"10":{"loc":{"start":{"line":25,"column":4},"end":{"line":33,"column":5}},"type":"if","locations":[{"start":{"line":25,"column":4},"end":{"line":33,"column":5}},{"start":{"line":28,"column":9},"end":{"line":33,"column":5}}],"line":25},"11":{"loc":{"start":{"line":25,"column":8},"end":{"line":25,"column":59}},"type":"binary-expr","locations":[{"start":{"line":25,"column":8},"end":{"line":25,"column":32}},{"start":{"line":25,"column":36},"end":{"line":25,"column":59}}],"line":25},"12":{"loc":{"start":{"line":28,"column":9},"end":{"line":33,"column":5}},"type":"if","locations":[{"start":{"line":28,"column":9},"end":{"line":33,"column":5}},{"start":{"line":31,"column":9},"end":{"line":33,"column":5}}],"line":28},"13":{"loc":{"start":{"line":31,"column":9},"end":{"line":33,"column":5}},"type":"if","locations":[{"start":{"line":31,"column":9},"end":{"line":33,"column":5}},{"start":{},"end":{}}],"line":31},"14":{"loc":{"start":{"line":31,"column":13},"end":{"line":31,"column":78}},"type":"binary-expr","locations":[{"start":{"line":31,"column":13},"end":{"line":31,"column":41}},{"start":{"line":31,"column":45},"end":{"line":31,"column":78}}],"line":31},"15":{"loc":{"start":{"line":36,"column":4},"end":{"line":38,"column":5}},"type":"if","locations":[{"start":{"line":36,"column":4},"end":{"line":38,"column":5}},{"start":{},"end":{}}],"line":36},"16":{"loc":{"start":{"line":36,"column":8},"end":{"line":36,"column":63}},"type":"binary-expr","locations":[{"start":{"line":36,"column":8},"end":{"line":36,"column":27}},{"start":{"line":36,"column":31},"end":{"line":36,"column":63}}],"line":36},"17":{"loc":{"start":{"line":41,"column":4},"end":{"line":46,"column":5}},"type":"if","locations":[{"start":{"line":41,"column":4},"end":{"line":46,"column":5}},{"start":{"line":44,"column":9},"end":{"line":46,"column":5}}],"line":41},"18":{"loc":{"start":{"line":41,"column":8},"end":{"line":41,"column":59}},"type":"binary-expr","locations":[{"start":{"line":41,"column":8},"end":{"line":41,"column":25}},{"start":{"line":41,"column":29},"end":{"line":41,"column":59}}],"line":41},"19":{"loc":{"start":{"line":44,"column":9},"end":{"line":46,"column":5}},"type":"if","locations":[{"start":{"line":44,"column":9},"end":{"line":46,"column":5}},{"start":{},"end":{}}],"line":44},"20":{"loc":{"start":{"line":44,"column":13},"end":{"line":44,"column":94}},"type":"binary-expr","locations":[{"start":{"line":44,"column":13},"end":{"line":44,"column":43}},{"start":{"line":44,"column":47},"end":{"line":44,"column":94}}],"line":44}},"s":{"0":3,"1":30,"2":30,"3":2,"4":28,"5":2,"6":30,"7":2,"8":28,"9":1,"10":27,"11":2,"12":30,"13":2,"14":28,"15":1,"16":27,"17":2,"18":30,"19":1,"20":30,"21":2,"22":28,"23":1,"24":30},"f":{"0":30},"b":{"0":[0],"1":[2,28],"2":[30,28],"3":[2,26],"4":[28,27],"5":[2,28],"6":[30,30],"7":[1,27],"8":[2,25],"9":[27,26],"10":[2,28],"11":[30,30],"12":[1,27],"13":[2,25],"14":[27,26],"15":[1,29],"16":[30,11],"17":[2,28],"18":[30,28],"19":[1,27],"20":[28,28]},"_coverageSchema":"1a1c01bbd47fc00a2c39e90264f33305004495a9","hash":"c82919ec46e5efae06bcf84352234e92f84659ba"}
}
