TN:
SF:src\components\Login\Login.jsx
FN:7,Login
FN:14,(anonymous_1)
FN:16,(anonymous_2)
FN:17,(anonymous_3)
FN:20,(anonymous_4)
FNF:5
FNH:5
FNDA:24,Login
FNDA:8,(anonymous_1)
FNDA:8,(anonymous_2)
FNDA:8,(anonymous_3)
FNDA:5,(anonymous_4)
DA:8,24
DA:9,24
DA:10,24
DA:11,24
DA:12,24
DA:14,24
DA:15,8
DA:16,8
DA:17,8
DA:20,24
DA:21,5
DA:22,5
DA:23,5
DA:25,5
DA:26,5
DA:27,1
DA:28,1
DA:31,4
DA:32,4
DA:34,4
DA:36,2
DA:37,2
DA:38,2
DA:39,2
DA:41,0
DA:45,2
DA:47,4
DA:51,24
LF:28
LH:27
BRDA:22,0,0,0
BRDA:22,0,1,5
BRDA:26,1,0,1
BRDA:26,1,1,4
BRDA:36,2,0,2
BRDA:36,2,1,0
BRDA:38,3,0,1
BRDA:38,3,1,1
BRDA:57,4,0,24
BRDA:57,4,1,2
BRDA:70,5,0,24
BRDA:70,5,1,1
BRDA:84,6,0,24
BRDA:84,6,1,1
BRDA:88,7,0,4
BRDA:88,7,1,20
BRF:16
BRH:14
end_of_record
TN:
SF:src\components\Products\ProductModal.jsx
FN:5,ProductModal
FN:15,(anonymous_1)
FN:27,(anonymous_2)
FN:29,(anonymous_3)
FN:32,(anonymous_4)
FN:68,(anonymous_5)
FNF:6
FNH:0
FNDA:0,ProductModal
FNDA:0,(anonymous_1)
FNDA:0,(anonymous_2)
FNDA:0,(anonymous_3)
FNDA:0,(anonymous_4)
FNDA:0,(anonymous_5)
DA:6,0
DA:13,0
DA:15,0
DA:16,0
DA:17,0
DA:27,0
DA:28,0
DA:29,0
DA:32,0
DA:33,0
DA:34,0
DA:35,0
DA:36,0
DA:37,0
DA:40,0
DA:42,0
DA:69,0
LF:17
LH:0
BRDA:16,0,0,0
BRDA:16,0,1,0
BRDA:18,1,0,0
BRDA:18,1,1,0
BRDA:19,2,0,0
BRDA:19,2,1,0
BRDA:20,3,0,0
BRDA:20,3,1,0
BRDA:21,4,0,0
BRDA:21,4,1,0
BRDA:22,5,0,0
BRDA:22,5,1,0
BRDA:36,6,0,0
BRDA:36,6,1,0
BRDA:40,7,0,0
BRDA:40,7,1,0
BRDA:58,8,0,0
BRDA:58,8,1,0
BRDA:74,9,0,0
BRDA:74,9,1,0
BRDA:85,10,0,0
BRDA:85,10,1,0
BRDA:96,11,0,0
BRDA:96,11,1,0
BRDA:106,12,0,0
BRDA:106,12,1,0
BRF:26
BRH:0
end_of_record
TN:
SF:src\components\Products\Products.jsx
FN:6,Products
FN:49,(anonymous_1)
FN:52,(anonymous_2)
FN:59,(anonymous_3)
FN:69,(anonymous_4)
FN:70,(anonymous_5)
FN:76,(anonymous_6)
FN:91,(anonymous_7)
FN:102,(anonymous_8)
FN:104,(anonymous_9)
FN:113,(anonymous_10)
FN:117,(anonymous_11)
FN:127,(anonymous_12)
FN:128,(anonymous_13)
FN:133,(anonymous_14)
FN:136,(anonymous_15)
FN:140,(anonymous_16)
FN:156,(anonymous_17)
FN:169,(anonymous_18)
FN:172,(anonymous_19)
FN:192,(anonymous_20)
FN:206,(anonymous_21)
FN:223,(anonymous_22)
FN:249,(anonymous_23)
FN:255,(anonymous_24)
FN:258,(anonymous_25)
FN:270,(anonymous_26)
FN:284,(anonymous_27)
FN:291,(anonymous_28)
FN:319,(anonymous_29)
FNF:30
FNH:10
FNDA:6,Products
FNDA:12,(anonymous_1)
FNDA:12,(anonymous_2)
FNDA:1,(anonymous_3)
FNDA:0,(anonymous_4)
FNDA:0,(anonymous_5)
FNDA:0,(anonymous_6)
FNDA:0,(anonymous_7)
FNDA:0,(anonymous_8)
FNDA:0,(anonymous_9)
FNDA:0,(anonymous_10)
FNDA:0,(anonymous_11)
FNDA:0,(anonymous_12)
FNDA:0,(anonymous_13)
FNDA:0,(anonymous_14)
FNDA:0,(anonymous_15)
FNDA:0,(anonymous_16)
FNDA:1,(anonymous_17)
FNDA:0,(anonymous_18)
FNDA:24,(anonymous_19)
FNDA:1,(anonymous_20)
FNDA:1,(anonymous_21)
FNDA:0,(anonymous_22)
FNDA:0,(anonymous_23)
FNDA:0,(anonymous_24)
FNDA:24,(anonymous_25)
FNDA:12,(anonymous_26)
FNDA:0,(anonymous_27)
FNDA:0,(anonymous_28)
FNDA:0,(anonymous_29)
DA:7,6
DA:26,6
DA:33,6
DA:34,6
DA:41,6
DA:42,6
DA:43,6
DA:44,6
DA:45,6
DA:46,6
DA:48,6
DA:50,12
DA:52,12
DA:54,6
DA:55,6
DA:56,6
DA:57,6
DA:59,6
DA:60,1
DA:61,1
DA:65,1
DA:66,1
DA:68,0
DA:69,0
DA:70,0
DA:71,0
DA:74,0
DA:76,0
DA:77,0
DA:80,0
DA:87,0
DA:88,0
DA:91,6
DA:92,0
DA:93,0
DA:102,6
DA:103,0
DA:104,0
DA:105,0
DA:107,0
DA:108,0
DA:109,0
DA:112,0
DA:113,0
DA:117,6
DA:118,0
DA:122,0
DA:123,0
DA:124,0
DA:127,0
DA:128,0
DA:131,0
DA:132,0
DA:133,0
DA:136,6
DA:137,0
DA:140,6
DA:141,0
DA:144,6
DA:156,1
DA:169,0
DA:173,24
DA:192,1
DA:206,1
DA:224,0
DA:249,0
DA:255,0
DA:259,24
DA:271,12
DA:284,0
DA:291,0
DA:319,0
LF:72
LH:34
BRDA:52,0,0,0
BRDA:52,0,1,12
BRDA:66,1,0,1
BRDA:66,1,1,0
BRDA:68,2,0,0
BRDA:68,2,1,0
BRDA:71,3,0,0
BRDA:71,3,1,0
BRDA:103,4,0,0
BRDA:103,4,1,0
BRDA:108,5,0,0
BRDA:108,5,1,0
BRDA:109,6,0,0
BRDA:109,6,1,0
BRDA:122,7,0,0
BRDA:122,7,1,0
BRDA:128,8,0,0
BRDA:128,8,1,0
BRDA:137,9,0,0
BRDA:137,9,1,0
BRDA:141,10,0,0
BRDA:141,10,1,0
BRDA:150,11,0,1
BRDA:150,11,1,5
BRDA:159,12,0,6
BRDA:159,12,1,1
BRDA:162,13,0,1
BRDA:162,13,1,5
BRDA:178,14,0,6
BRDA:178,14,1,1
BRDA:185,15,0,1
BRDA:185,15,1,5
BRDA:196,16,0,6
BRDA:196,16,1,1
BRDA:199,17,0,1
BRDA:199,17,1,5
BRDA:210,18,0,6
BRDA:210,18,1,1
BRDA:228,19,0,6
BRDA:228,19,1,0
BRDA:235,20,0,0
BRDA:235,20,1,6
BRDA:240,21,0,6
BRDA:240,21,1,0
BRDA:267,22,0,0
BRDA:267,22,1,6
BRDA:275,23,0,12
BRDA:275,23,1,0
BRDA:302,24,0,6
BRDA:302,24,1,0
BRDA:316,25,0,6
BRDA:316,25,1,0
BRF:52
BRH:25
end_of_record
TN:
SF:src\utils\validation.js
FN:2,(anonymous_0)
FN:28,(anonymous_1)
FNF:2
FNH:2
FNDA:10,(anonymous_0)
FNDA:19,(anonymous_1)
DA:2,5
DA:3,10
DA:6,10
DA:7,2
DA:9,8
DA:10,1
DA:14,10
DA:15,2
DA:17,8
DA:18,1
DA:21,10
DA:28,5
DA:29,19
DA:32,19
DA:33,2
DA:35,17
DA:36,12
DA:40,19
DA:41,2
DA:43,17
DA:44,1
DA:46,16
DA:47,2
DA:51,19
DA:52,2
DA:54,17
DA:55,1
DA:57,16
DA:58,1
DA:62,19
DA:63,0
DA:67,19
DA:68,2
DA:70,17
DA:71,1
DA:74,19
LF:36
LH:35
BRDA:6,0,0,2
BRDA:6,0,1,8
BRDA:6,1,0,10
BRDA:6,1,1,8
BRDA:9,2,0,1
BRDA:9,2,1,7
BRDA:14,3,0,2
BRDA:14,3,1,8
BRDA:14,4,0,10
BRDA:14,4,1,8
BRDA:17,5,0,1
BRDA:17,5,1,7
BRDA:28,6,0,0
BRDA:32,7,0,2
BRDA:32,7,1,17
BRDA:32,8,0,19
BRDA:32,8,1,17
BRDA:35,9,0,12
BRDA:35,9,1,5
BRDA:35,10,0,17
BRDA:35,10,1,6
BRDA:40,11,0,2
BRDA:40,11,1,17
BRDA:40,12,0,19
BRDA:40,12,1,19
BRDA:43,13,0,1
BRDA:43,13,1,16
BRDA:46,14,0,2
BRDA:46,14,1,14
BRDA:46,15,0,16
BRDA:46,15,1,15
BRDA:51,16,0,2
BRDA:51,16,1,17
BRDA:51,17,0,19
BRDA:51,17,1,19
BRDA:54,18,0,1
BRDA:54,18,1,16
BRDA:57,19,0,1
BRDA:57,19,1,15
BRDA:57,20,0,16
BRDA:57,20,1,15
BRDA:62,21,0,0
BRDA:62,21,1,19
BRDA:62,22,0,19
BRDA:62,22,1,2
BRDA:67,23,0,2
BRDA:67,23,1,17
BRDA:67,24,0,19
BRDA:67,24,1,17
BRDA:70,25,0,1
BRDA:70,25,1,16
BRDA:70,26,0,17
BRDA:70,26,1,17
BRF:53
BRH:51
end_of_record
