TN:
SF:src\components\Products\ProductModal.jsx
FN:6,ProductModal
FN:16,(anonymous_1)
FN:28,(anonymous_2)
FN:30,(anonymous_3)
FN:36,(anonymous_4)
FN:74,(anonymous_5)
FNF:6
FNH:6
FNDA:12,ProductModal
FNDA:3,(anonymous_1)
FNDA:6,(anonymous_2)
FNDA:6,(anonymous_3)
FNDA:3,(anonymous_4)
FNDA:48,(anonymous_5)
DA:7,12
DA:14,12
DA:16,12
DA:17,3
DA:18,1
DA:28,12
DA:29,6
DA:30,6
DA:36,12
DA:37,3
DA:38,3
DA:39,3
DA:40,3
DA:41,2
DA:42,2
DA:46,12
DA:75,48
LF:17
LH:17
BRDA:17,0,0,1
BRDA:17,0,1,2
BRDA:19,1,0,1
BRDA:19,1,1,0
BRDA:20,2,0,1
BRDA:20,2,1,0
BRDA:21,3,0,1
BRDA:21,3,1,0
BRDA:22,4,0,1
BRDA:22,4,1,0
BRDA:23,5,0,1
BRDA:23,5,1,0
BRDA:32,6,0,2
BRDA:32,6,1,4
BRDA:32,7,0,6
BRDA:32,7,1,5
BRDA:40,8,0,1
BRDA:40,8,1,2
BRDA:52,9,0,3
BRDA:52,9,1,9
BRDA:63,10,0,12
BRDA:63,10,1,1
BRDA:80,11,0,12
BRDA:80,11,1,1
BRDA:93,12,0,12
BRDA:93,12,1,1
BRDA:105,13,0,12
BRDA:105,13,1,1
BRDA:117,14,0,12
BRDA:117,14,1,0
BRDA:124,15,0,3
BRDA:124,15,1,9
BRF:32
BRH:26
end_of_record
TN:
SF:src\components\Products\Products.jsx
FN:7,Products
FN:24,(anonymous_1)
FN:26,(anonymous_2)
FN:41,(anonymous_3)
FN:44,(anonymous_4)
FN:51,(anonymous_5)
FN:56,(anonymous_6)
FN:62,(anonymous_7)
FN:64,(anonymous_8)
FN:73,(anonymous_9)
FN:77,(anonymous_10)
FN:89,(anonymous_11)
FN:90,(anonymous_12)
FN:95,(anonymous_13)
FN:101,(anonymous_14)
FN:104,(anonymous_15)
FN:108,(anonymous_16)
FN:123,(anonymous_17)
FN:129,(anonymous_18)
FN:132,(anonymous_19)
FN:144,(anonymous_20)
FN:159,(anonymous_21)
FN:167,(anonymous_22)
FN:195,(anonymous_23)
FN:202,(anonymous_24)
FNF:25
FNH:18
FNDA:17,Products
FNDA:5,(anonymous_1)
FNDA:5,(anonymous_2)
FNDA:6,(anonymous_3)
FNDA:6,(anonymous_4)
FNDA:2,(anonymous_5)
FNDA:1,(anonymous_6)
FNDA:1,(anonymous_7)
FNDA:1,(anonymous_8)
FNDA:0,(anonymous_9)
FNDA:2,(anonymous_10)
FNDA:1,(anonymous_11)
FNDA:1,(anonymous_12)
FNDA:1,(anonymous_13)
FNDA:0,(anonymous_14)
FNDA:0,(anonymous_15)
FNDA:0,(anonymous_16)
FNDA:0,(anonymous_17)
FNDA:0,(anonymous_18)
FNDA:68,(anonymous_19)
FNDA:5,(anonymous_20)
FNDA:1,(anonymous_21)
FNDA:1,(anonymous_22)
FNDA:0,(anonymous_23)
FNDA:2,(anonymous_24)
DA:8,17
DA:9,17
DA:15,17
DA:16,17
DA:17,17
DA:18,17
DA:19,17
DA:20,17
DA:21,17
DA:22,17
DA:24,17
DA:26,5
DA:27,5
DA:28,5
DA:29,5
DA:31,0
DA:32,0
DA:37,5
DA:40,17
DA:42,6
DA:44,6
DA:46,17
DA:47,17
DA:48,17
DA:49,17
DA:51,17
DA:52,2
DA:53,2
DA:56,17
DA:57,1
DA:58,1
DA:59,1
DA:62,17
DA:63,1
DA:64,1
DA:65,1
DA:67,1
DA:68,1
DA:69,1
DA:71,1
DA:72,1
DA:73,1
DA:77,17
DA:78,2
DA:82,2
DA:83,0
DA:84,0
DA:87,2
DA:88,1
DA:89,1
DA:90,1
DA:92,1
DA:94,1
DA:95,1
DA:96,1
DA:97,1
DA:100,2
DA:101,2
DA:104,17
DA:105,0
DA:108,17
DA:109,0
DA:112,17
DA:123,0
DA:129,0
DA:133,68
DA:145,5
DA:159,1
DA:167,1
DA:195,0
DA:202,2
LF:71
LH:62
BRDA:40,0,0,17
BRDA:40,0,1,0
BRDA:44,1,0,0
BRDA:44,1,1,6
BRDA:63,2,0,1
BRDA:63,2,1,0
BRDA:68,3,0,1
BRDA:68,3,1,0
BRDA:69,4,0,0
BRDA:69,4,1,1
BRDA:82,5,0,0
BRDA:82,5,1,2
BRDA:87,6,0,1
BRDA:87,6,1,1
BRDA:90,7,0,1
BRDA:90,7,1,0
BRDA:105,8,0,0
BRDA:105,8,1,0
BRDA:109,9,0,0
BRDA:109,9,1,0
BRDA:114,10,0,17
BRDA:114,10,1,3
BRDA:141,11,0,12
BRDA:141,11,1,5
BRDA:149,12,0,5
BRDA:149,12,1,0
BRDA:178,13,0,17
BRDA:178,13,1,0
BRDA:192,14,0,17
BRDA:192,14,1,3
BRF:30
BRH:17
end_of_record
TN:
SF:src\services\api.js
FN:12,(anonymous_0)
FN:19,(anonymous_1)
FN:26,(anonymous_2)
FN:34,(anonymous_3)
FN:39,(anonymous_4)
FN:44,(anonymous_5)
FN:49,(anonymous_6)
FN:54,(anonymous_7)
FNF:8
FNH:0
FNDA:0,(anonymous_0)
FNDA:0,(anonymous_1)
FNDA:0,(anonymous_2)
FNDA:0,(anonymous_3)
FNDA:0,(anonymous_4)
FNDA:0,(anonymous_5)
FNDA:0,(anonymous_6)
FNDA:0,(anonymous_7)
DA:3,1
DA:6,1
DA:11,1
DA:13,0
DA:14,0
DA:15,0
DA:17,0
DA:20,0
DA:25,1
DA:27,0
DA:28,0
DA:33,1
DA:35,0
DA:36,0
DA:40,0
DA:41,0
DA:45,0
DA:46,0
DA:50,0
DA:51,0
DA:55,0
LF:21
LH:5
BRDA:14,0,0,0
BRDA:14,0,1,0
BRF:2
BRH:0
end_of_record
TN:
SF:src\utils\validateProduct.js
FN:2,(anonymous_0)
FNF:1
FNH:1
FNDA:5,(anonymous_0)
DA:2,1
DA:3,5
DA:6,5
DA:7,1
DA:9,4
DA:10,0
DA:14,5
DA:15,1
DA:17,4
DA:18,0
DA:20,4
DA:21,0
DA:25,5
DA:26,1
DA:28,4
DA:29,0
DA:31,4
DA:32,0
DA:36,5
DA:37,0
DA:41,5
DA:42,1
DA:44,4
DA:45,0
DA:48,5
LF:25
LH:18
BRDA:2,0,0,0
BRDA:6,1,0,1
BRDA:6,1,1,4
BRDA:6,2,0,5
BRDA:6,2,1,4
BRDA:9,3,0,0
BRDA:9,3,1,4
BRDA:9,4,0,4
BRDA:9,4,1,4
BRDA:14,5,0,1
BRDA:14,5,1,4
BRDA:14,6,0,5
BRDA:14,6,1,5
BRDA:17,7,0,0
BRDA:17,7,1,4
BRDA:20,8,0,0
BRDA:20,8,1,4
BRDA:20,9,0,4
BRDA:20,9,1,4
BRDA:25,10,0,1
BRDA:25,10,1,4
BRDA:25,11,0,5
BRDA:25,11,1,5
BRDA:28,12,0,0
BRDA:28,12,1,4
BRDA:31,13,0,0
BRDA:31,13,1,4
BRDA:31,14,0,4
BRDA:31,14,1,4
BRDA:36,15,0,0
BRDA:36,15,1,5
BRDA:36,16,0,5
BRDA:36,16,1,4
BRDA:41,17,0,1
BRDA:41,17,1,4
BRDA:41,18,0,5
BRDA:41,18,1,4
BRDA:44,19,0,0
BRDA:44,19,1,4
BRDA:44,20,0,4
BRDA:44,20,1,4
BRF:41
BRH:33
end_of_record
